[0.011s] Invoking command in '/home/timl/ros2_ws/build/my_cpp_pkg': CMAKE_PREFIX_PATH=${CMAKE_PREFIX_PATH}:/home/timl/ros2_ws/install/py_pubsub:/home/timl/ros2_ws/install/my_py_pkg:/opt/ros/jazzy /usr/bin/cmake --build /home/timl/ros2_ws/build/my_cpp_pkg -- -j6 -l6
[0.065s] [ 50%] Built target cpp_node
[0.071s] [ 75%] [32mBuilding CXX object CMakeFiles/robot_news_station.dir/src/robot_news_station.cpp.o[0m
[2.310s] [01m[K/home/timl/ros2_ws/src/my_cpp_pkg/src/robot_news_station.cpp:[m[K In constructor â€˜[01m[KRobotNewsStationNode::[01;32m[KRobotNewsStationNode[m[K()[m[Kâ€™:
[2.310s] [01m[K/home/timl/ros2_ws/src/my_cpp_pkg/src/robot_news_station.cpp:12:52:[m[K [01;31m[Kerror: [m[Kâ€˜[01m[Kbing[m[Kâ€™ is not a member of â€˜[01m[Kstd[m[Kâ€™; did you mean â€˜[01m[Kbind[m[Kâ€™?
[2.310s]    12 |         timer = this->create_wall_timer(0.5s, std::[01;31m[Kbing[m[K(&RobotNewsStationNode::publishNews, this));
[2.310s]       |                                                    [01;31m[K^~~~[m[K
[2.310s]       |                                                    [32m[Kbind[m[K
[3.272s] gmake[2]: *** [CMakeFiles/robot_news_station.dir/build.make:76: CMakeFiles/robot_news_station.dir/src/robot_news_station.cpp.o] Error 1
[3.272s] gmake[1]: *** [CMakeFiles/Makefile2:165: CMakeFiles/robot_news_station.dir/all] Error 2
[3.272s] gmake: *** [Makefile:146: all] Error 2
[3.274s] Invoked command in '/home/timl/ros2_ws/build/my_cpp_pkg' returned '2': CMAKE_PREFIX_PATH=${CMAKE_PREFIX_PATH}:/home/timl/ros2_ws/install/py_pubsub:/home/timl/ros2_ws/install/my_py_pkg:/opt/ros/jazzy /usr/bin/cmake --build /home/timl/ros2_ws/build/my_cpp_pkg -- -j6 -l6
