[0.199s] Invoking command in '/home/timl/ros2_ws/build/test_node': AMENT_PREFIX_PATH=/home/timl/ros2_ws/install/turtlesim:${AMENT_PREFIX_PATH} CMAKE_PREFIX_PATH=/home/timl/ros2_ws/install/turtlesim:/opt/ros/jazzy/opt/sdformat_vendor:/opt/ros/jazzy/opt/gz_math_vendor:/opt/ros/jazzy/opt/gz_utils_vendor:/opt/ros/jazzy/opt/gz_tools_vendor:/opt/ros/jazzy/opt/gz_cmake_vendor:/opt/ros/jazzy LD_LIBRARY_PATH=/home/timl/ros2_ws/install/turtlesim/lib:${LD_LIBRARY_PATH} PYTHONPATH=/home/timl/ros2_ws/install/turtlesim/lib/python3.12/site-packages:${PYTHONPATH} /usr/bin/cmake --build /home/timl/ros2_ws/build/test_node -- -j6 -l6
[0.274s] [ 50%] [32mBuilding CXX object CMakeFiles/test_program.dir/src/test.cpp.o[0m
[2.737s] [01m[K/home/timl/ros2_ws/src/test_node/src/test.cpp:12:26:[m[K [01;31m[Kerror: [m[Kâ€˜[01m[K_l[m[Kâ€™ has not been declared in â€˜[01m[Kstd::placeholders[m[Kâ€™
[2.737s]    12 | using std::placeholders::[01;31m[K_l[m[K;
[2.737s]       |                          [01;31m[K^~[m[K
[2.743s] [01m[K/home/timl/ros2_ws/src/test_node/src/test.cpp:76:23:[m[K [01;31m[Kerror: [m[Kâ€˜[01m[Kgeomtry_msgs[m[Kâ€™ was not declared in this scope; did you mean â€˜[01m[Kgeometry_msgs[m[Kâ€™?
[2.744s]    76 |     rclcpp::Publisher<[01;31m[Kgeomtry_msgs[m[K::msg::Twist>::SharedPtr ControlPublisher;
[2.744s]       |                       [01;31m[K^~~~~~~~~~~~[m[K
[2.744s]       |                       [32m[Kgeometry_msgs[m[K
[2.744s] [01m[K/home/timl/ros2_ws/src/test_node/src/test.cpp:76:47:[m[K [01;31m[Kerror: [m[Ktemplate argument 1 is invalid
[2.744s]    76 |     rclcpp::Publisher<geomtry_msgs::msg::Twist[01;31m[K>[m[K::SharedPtr ControlPublisher;
[2.744s]       |                                               [01;31m[K^[m[K
[2.744s] [01m[K/home/timl/ros2_ws/src/test_node/src/test.cpp:76:50:[m[K [01;31m[Kerror: [m[Kexpected â€˜[01m[K;[m[Kâ€™ at end of member declaration
[2.744s]    76 |     rclcpp::Publisher<geomtry_msgs::msg::Twist>::[01;31m[KSharedPtr[m[K ControlPublisher;
[2.744s]       |                                                  [01;31m[K^~~~~~~~~[m[K
[2.744s]       |                                                           [32m[K;[m[K
[2.747s] [01m[K/home/timl/ros2_ws/src/test_node/src/test.cpp:76:60:[m[K [01;31m[Kerror: [m[Kâ€˜[01m[KControlPublisher[m[Kâ€™ does not name a type
[2.747s]    76 |     rclcpp::Publisher<geomtry_msgs::msg::Twist>::SharedPtr [01;31m[KControlPublisher[m[K;
[2.747s]       |                                                            [01;31m[K^~~~~~~~~~~~~~~~[m[K
[2.779s] [01m[K/home/timl/ros2_ws/src/test_node/src/test.cpp:78:2:[m[K [01;31m[Kerror: [m[Kexpected â€˜[01m[K;[m[Kâ€™ after class definition
[2.779s]    78 | }
[2.779s]       |  [01;31m[K^[m[K
[2.779s]       |  [32m[K;[m[K
[2.789s] [01m[K/home/timl/ros2_ws/src/test_node/src/test.cpp:[m[K In constructor â€˜[01m[KControllerNode::[01;32m[KControllerNode[m[K()[m[Kâ€™:
[2.789s] [01m[K/home/timl/ros2_ws/src/test_node/src/test.cpp:21:9:[m[K [01;31m[Kerror: [m[Kâ€˜[01m[KControlPublisher[m[Kâ€™ was not declared in this scope
[2.789s]    21 |         [01;31m[KControlPublisher[m[K = this->create_publisher<geometry_msgs::msg::Twist>
[2.790s]       |         [01;31m[K^~~~~~~~~~~~~~~~[m[K
[2.792s] [01m[K/home/timl/ros2_ws/src/test_node/src/test.cpp:28:60:[m[K [01;31m[Kerror: [m[Kâ€˜[01m[KSensorCallback[m[Kâ€™ is not a member of â€˜[01m[KControllerNode[m[Kâ€™
[2.792s]    28 |                                 std::bind(&ControllerNode::[01;31m[KSensorCallback[m[K, this, _l)
[2.792s]       |                                                            [01;31m[K^~~~~~~~~~~~~~[m[K
[2.799s] [01m[K/home/timl/ros2_ws/src/test_node/src/test.cpp:28:82:[m[K [01;31m[Kerror: [m[Kâ€˜[01m[K_l[m[Kâ€™ was not declared in this scope
[2.799s]    28 |                                 std::bind(&ControllerNode::SensorCallback, this, [01;31m[K_l[m[K)
[2.799s]       |                                                                                  [01;31m[K^~[m[K
[2.804s] [01m[K/home/timl/ros2_ws/src/test_node/src/test.cpp:31:9:[m[K [01;31m[Kerror: [m[Kâ€˜[01m[KtimerObject[m[Kâ€™ was not declared in this scope; did you mean â€˜[01m[Ktimerobject[m[Kâ€™?
[2.804s]    31 |         [01;31m[KtimerObject[m[K = this->create_wall_timer(
[2.804s]       |         [01;31m[K^~~~~~~~~~~[m[K
[2.804s]       |         [32m[Ktimerobject[m[K
[2.823s] [01m[K/home/timl/ros2_ws/src/test_node/src/test.cpp:[m[K In member function â€˜[01m[Kvoid ControllerNode::[01;32m[KControlFunction[m[K()[m[Kâ€™:
[2.823s] [01m[K/home/timl/ros2_ws/src/test_node/src/test.cpp:61:13:[m[K [01;31m[Kerror: [m[Kâ€˜[01m[KControllerPublisher[m[Kâ€™ was not declared in this scope
[2.823s]    61 |             [01;31m[KControllerPublisher[m[K->publish(controlVel);
[2.823s]       |             [01;31m[K^~~~~~~~~~~~~~~~~~~[m[K
[3.811s] gmake[2]: *** [CMakeFiles/test_program.dir/build.make:76: CMakeFiles/test_program.dir/src/test.cpp.o] Error 1
[3.811s] gmake[1]: *** [CMakeFiles/Makefile2:137: CMakeFiles/test_program.dir/all] Error 2
[3.812s] gmake: *** [Makefile:146: all] Error 2
[3.814s] Invoked command in '/home/timl/ros2_ws/build/test_node' returned '2': AMENT_PREFIX_PATH=/home/timl/ros2_ws/install/turtlesim:${AMENT_PREFIX_PATH} CMAKE_PREFIX_PATH=/home/timl/ros2_ws/install/turtlesim:/opt/ros/jazzy/opt/sdformat_vendor:/opt/ros/jazzy/opt/gz_math_vendor:/opt/ros/jazzy/opt/gz_utils_vendor:/opt/ros/jazzy/opt/gz_tools_vendor:/opt/ros/jazzy/opt/gz_cmake_vendor:/opt/ros/jazzy LD_LIBRARY_PATH=/home/timl/ros2_ws/install/turtlesim/lib:${LD_LIBRARY_PATH} PYTHONPATH=/home/timl/ros2_ws/install/turtlesim/lib/python3.12/site-packages:${PYTHONPATH} /usr/bin/cmake --build /home/timl/ros2_ws/build/test_node -- -j6 -l6
