[ 50%] [32mBuilding CXX object CMakeFiles/cpp_node.dir/src/my_first_node.cpp.o[0m
[01m[K/home/timl/ros2_ws/src/my_cpp_pkg/src/my_first_node.cpp:[m[K In member function â€˜[01m[Kvoid MyNode::[01;32m[KtimerCallback[m[K()[m[Kâ€™:
[01m[K/home/timl/ros2_ws/src/my_cpp_pkg/src/my_first_node.cpp:13:5:[m[K [01;31m[Kerror: [m[Kexpected â€˜[01m[K;[m[Kâ€™ before â€˜[01m[K}[m[Kâ€™ token
   13 |     [01;31m[K}[m[K
      |     [01;31m[K^[m[K
gmake[2]: *** [CMakeFiles/cpp_node.dir/build.make:76: CMakeFiles/cpp_node.dir/src/my_first_node.cpp.o] Error 1
gmake[1]: *** [CMakeFiles/Makefile2:137: CMakeFiles/cpp_node.dir/all] Error 2
gmake: *** [Makefile:146: all] Error 2
