[0.183s] Invoking command in '/home/timl/ros2_ws/build/test_node': AMENT_PREFIX_PATH=/home/timl/ros2_ws/install/turtlesim:${AMENT_PREFIX_PATH} CMAKE_PREFIX_PATH=/home/timl/ros2_ws/install/turtlesim:/opt/ros/jazzy/opt/sdformat_vendor:/opt/ros/jazzy/opt/gz_math_vendor:/opt/ros/jazzy/opt/gz_utils_vendor:/opt/ros/jazzy/opt/gz_tools_vendor:/opt/ros/jazzy/opt/gz_cmake_vendor:/opt/ros/jazzy LD_LIBRARY_PATH=/home/timl/ros2_ws/install/turtlesim/lib:${LD_LIBRARY_PATH} PYTHONPATH=/home/timl/ros2_ws/install/turtlesim/lib/python3.12/site-packages:${PYTHONPATH} /usr/bin/cmake --build /home/timl/ros2_ws/build/test_node -- -j6 -l6
[0.242s] [ 50%] [32mBuilding CXX object CMakeFiles/test_program.dir/src/test.cpp.o[0m
[2.574s] [01m[K/home/timl/ros2_ws/src/test_node/src/test.cpp:74:23:[m[K [01;31m[Kerror: [m[Kâ€˜[01m[Kgeomtry_msgs[m[Kâ€™ was not declared in this scope; did you mean â€˜[01m[Kgeometry_msgs[m[Kâ€™?
[2.574s]    74 |     rclcpp::Publisher<[01;31m[Kgeomtry_msgs[m[K::msg::Twist>::SharedPtr ControlPublisher;
[2.574s]       |                       [01;31m[K^~~~~~~~~~~~[m[K
[2.574s]       |                       [32m[Kgeometry_msgs[m[K
[2.574s] [01m[K/home/timl/ros2_ws/src/test_node/src/test.cpp:74:47:[m[K [01;31m[Kerror: [m[Ktemplate argument 1 is invalid
[2.575s]    74 |     rclcpp::Publisher<geomtry_msgs::msg::Twist[01;31m[K>[m[K::SharedPtr ControlPublisher;
[2.575s]       |                                               [01;31m[K^[m[K
[2.575s] [01m[K/home/timl/ros2_ws/src/test_node/src/test.cpp:74:50:[m[K [01;31m[Kerror: [m[Kexpected â€˜[01m[K;[m[Kâ€™ at end of member declaration
[2.575s]    74 |     rclcpp::Publisher<geomtry_msgs::msg::Twist>::[01;31m[KSharedPtr[m[K ControlPublisher;
[2.575s]       |                                                  [01;31m[K^~~~~~~~~[m[K
[2.575s]       |                                                           [32m[K;[m[K
[2.577s] [01m[K/home/timl/ros2_ws/src/test_node/src/test.cpp:74:60:[m[K [01;31m[Kerror: [m[Kâ€˜[01m[KControlPublisher[m[Kâ€™ does not name a type
[2.577s]    74 |     rclcpp::Publisher<geomtry_msgs::msg::Twist>::SharedPtr [01;31m[KControlPublisher[m[K;
[2.577s]       |                                                            [01;31m[K^~~~~~~~~~~~~~~~[m[K
[2.608s] [01m[K/home/timl/ros2_ws/src/test_node/src/test.cpp:76:2:[m[K [01;31m[Kerror: [m[Kexpected â€˜[01m[K;[m[Kâ€™ after class definition
[2.609s]    76 | }
[2.609s]       |  [01;31m[K^[m[K
[2.609s]       |  [32m[K;[m[K
[2.618s] [01m[K/home/timl/ros2_ws/src/test_node/src/test.cpp:[m[K In constructor â€˜[01m[KControllerNode::[01;32m[KControllerNode[m[K()[m[Kâ€™:
[2.619s] [01m[K/home/timl/ros2_ws/src/test_node/src/test.cpp:22:9:[m[K [01;31m[Kerror: [m[Kâ€˜[01m[KControlPublisher[m[Kâ€™ was not declared in this scope
[2.619s]    22 |         [01;31m[KControlPublisher[m[K = this->create_publisher<geometry_msgs::msg::Twist>("/turtle1/cmd_vel", 5);
[2.619s]       |         [01;31m[K^~~~~~~~~~~~~~~~[m[K
[2.622s] [01m[K/home/timl/ros2_ws/src/test_node/src/test.cpp:27:40:[m[K [01;31m[Kerror: [m[Kâ€˜[01m[KSensorCallback[m[Kâ€™ is not a member of â€˜[01m[KControllerNode[m[Kâ€™
[2.622s]    27 |             std::bind(&ControllerNode::[01;31m[KSensorCallback[m[K, this, _1));
[2.622s]       |                                        [01;31m[K^~~~~~~~~~~~~~[m[K
[2.641s] [01m[K/home/timl/ros2_ws/src/test_node/src/test.cpp:[m[K In member function â€˜[01m[Kvoid ControllerNode::[01;32m[KControlFunction[m[K()[m[Kâ€™:
[2.642s] [01m[K/home/timl/ros2_ws/src/test_node/src/test.cpp:60:9:[m[K [01;31m[Kerror: [m[Kâ€˜[01m[KControllerPublisher[m[Kâ€™ was not declared in this scope
[2.642s]    60 |         [01;31m[KControllerPublisher[m[K->publish(controlVel);
[2.642s]       |         [01;31m[K^~~~~~~~~~~~~~~~~~~[m[K
[3.597s] gmake[2]: *** [CMakeFiles/test_program.dir/build.make:76: CMakeFiles/test_program.dir/src/test.cpp.o] Error 1
[3.597s] gmake[1]: *** [CMakeFiles/Makefile2:137: CMakeFiles/test_program.dir/all] Error 2
[3.597s] gmake: *** [Makefile:146: all] Error 2
[3.601s] Invoked command in '/home/timl/ros2_ws/build/test_node' returned '2': AMENT_PREFIX_PATH=/home/timl/ros2_ws/install/turtlesim:${AMENT_PREFIX_PATH} CMAKE_PREFIX_PATH=/home/timl/ros2_ws/install/turtlesim:/opt/ros/jazzy/opt/sdformat_vendor:/opt/ros/jazzy/opt/gz_math_vendor:/opt/ros/jazzy/opt/gz_utils_vendor:/opt/ros/jazzy/opt/gz_tools_vendor:/opt/ros/jazzy/opt/gz_cmake_vendor:/opt/ros/jazzy LD_LIBRARY_PATH=/home/timl/ros2_ws/install/turtlesim/lib:${LD_LIBRARY_PATH} PYTHONPATH=/home/timl/ros2_ws/install/turtlesim/lib/python3.12/site-packages:${PYTHONPATH} /usr/bin/cmake --build /home/timl/ros2_ws/build/test_node -- -j6 -l6
