[0.014s] Invoking command in '/home/timl/ros2_ws/build/my_cpp_pkg': CMAKE_PREFIX_PATH=${CMAKE_PREFIX_PATH}:/home/timl/ros2_ws/install/py_pubsub:/home/timl/ros2_ws/install/my_py_pkg:/opt/ros/jazzy /usr/bin/cmake --build /home/timl/ros2_ws/build/my_cpp_pkg -- -j6 -l6
[0.068s] [ 25%] Built target robot_news_station
[0.069s] [ 50%] Built target cpp_node
[0.073s] [ 75%] Built target smartphone
[0.080s] [ 87%] [32mBuilding CXX object CMakeFiles/add_two_ints_server.dir/src/add_two_ints_server.cpp.o[0m
[2.532s] [01m[K/home/timl/ros2_ws/src/my_cpp_pkg/src/add_two_ints_server.cpp:[m[K In constructor â€˜[01m[KAddTwoIntsServerNode::[01;32m[KAddTwoIntsServerNode[m[K()[m[Kâ€™:
[2.532s] [01m[K/home/timl/ros2_ws/src/my_cpp_pkg/src/add_two_ints_server.cpp:11:90:[m[K [01;31m[Kerror: [m[Kexpected primary-expression before â€˜[01m[K_1[m[Kâ€™
[2.532s]    11 |             std::bind(&AddTwoIntsServerNode::callbackAddTwoInts, this, std::placeholders [01;31m[K_1[m[K, std::placeholders _2));
[2.532s]       |                                                                                          [01;31m[K^~[m[K
[2.532s] [01m[K/home/timl/ros2_ws/src/my_cpp_pkg/src/add_two_ints_server.cpp:11:112:[m[K [01;31m[Kerror: [m[Kexpected primary-expression before â€˜[01m[K_2[m[Kâ€™
[2.533s]    11 |             std::bind(&AddTwoIntsServerNode::callbackAddTwoInts, this, std::placeholders _1, std::placeholders [01;31m[K_2[m[K));
[2.533s]       |                                                                                                                [01;31m[K^~[m[K
[3.233s] gmake[2]: *** [CMakeFiles/add_two_ints_server.dir/build.make:76: CMakeFiles/add_two_ints_server.dir/src/add_two_ints_server.cpp.o] Error 1
[3.234s] gmake[1]: *** [CMakeFiles/Makefile2:221: CMakeFiles/add_two_ints_server.dir/all] Error 2
[3.234s] gmake: *** [Makefile:146: all] Error 2
[3.236s] Invoked command in '/home/timl/ros2_ws/build/my_cpp_pkg' returned '2': CMAKE_PREFIX_PATH=${CMAKE_PREFIX_PATH}:/home/timl/ros2_ws/install/py_pubsub:/home/timl/ros2_ws/install/my_py_pkg:/opt/ros/jazzy /usr/bin/cmake --build /home/timl/ros2_ws/build/my_cpp_pkg -- -j6 -l6
