[0.000000] (-) TimerEvent: {}
[0.000767] (-) JobUnselected: {'identifier': 'cpp_parameters'}
[0.000836] (-) JobUnselected: {'identifier': 'cpp_pubsub'}
[0.000857] (-) JobUnselected: {'identifier': 'cpp_srvcli'}
[0.000901] (-) JobUnselected: {'identifier': 'custom_action_cpp'}
[0.000918] (-) JobUnselected: {'identifier': 'custom_action_interfaces'}
[0.000932] (-) JobUnselected: {'identifier': 'more_interfaces'}
[0.000945] (-) JobUnselected: {'identifier': 'my_package'}
[0.000986] (-) JobUnselected: {'identifier': 'polygon_base'}
[0.001317] (-) JobUnselected: {'identifier': 'polygon_plugins'}
[0.001370] (-) JobUnselected: {'identifier': 'py_pubsub'}
[0.001387] (-) JobUnselected: {'identifier': 'turtlesim'}
[0.001401] (-) JobUnselected: {'identifier': 'tutorial_interfaces'}
[0.001447] (test_node) JobQueued: {'identifier': 'test_node', 'dependencies': OrderedDict({'turtlesim': '/home/timl/ros2_ws/install/turtlesim'})}
[0.001499] (test_node) JobStarted: {'identifier': 'test_node'}
[0.100033] (-) TimerEvent: {}
[0.200319] (-) TimerEvent: {}
[0.232709] (test_node) JobProgress: {'identifier': 'test_node', 'progress': 'cmake'}
[0.234999] (test_node) JobProgress: {'identifier': 'test_node', 'progress': 'build'}
[0.235039] (test_node) Command: {'cmd': ['/usr/bin/cmake', '--build', '/home/timl/ros2_ws/build/test_node', '--', '-j6', '-l6'], 'cwd': '/home/timl/ros2_ws/build/test_node', 'env': OrderedDict({'LESSOPEN': '| /usr/bin/lesspipe %s', 'USER': 'timl', 'GZ_CONFIG_PATH': '/opt/ros/jazzy/opt/sdformat_vendor/share/gz', 'GIT_ASKPASS': '/home/timl/.vscode-server/bin/fee1edb8d6d72a0ddff41e5f71a671c23ed924b9/extensions/git/dist/askpass.sh', 'SHLVL': '1', 'LD_LIBRARY_PATH': '/home/timl/ros2_ws/install/turtlesim/lib:/opt/ros/jazzy/opt/sdformat_vendor/lib:/opt/ros/jazzy/opt/rviz_ogre_vendor/lib:/opt/ros/jazzy/lib/x86_64-linux-gnu:/opt/ros/jazzy/opt/gz_math_vendor/lib:/opt/ros/jazzy/opt/gz_utils_vendor/lib:/opt/ros/jazzy/opt/gz_tools_vendor/lib:/opt/ros/jazzy/opt/gz_cmake_vendor/lib:/opt/ros/jazzy/lib', 'HOME': '/home/timl', 'OLDPWD': '/home/timl/ros2_ws/src', 'TERM_PROGRAM_VERSION': '1.92.2', 'VSCODE_IPC_HOOK_CLI': '/run/user/1000/vscode-ipc-415f20eb-9938-49d0-abf9-56e8c595459c.sock', 'ROS_PYTHON_VERSION': '3', 'VSCODE_GIT_ASKPASS_MAIN': '/home/timl/.vscode-server/bin/fee1edb8d6d72a0ddff41e5f71a671c23ed924b9/extensions/git/dist/askpass-main.js', 'VSCODE_GIT_ASKPASS_NODE': '/home/timl/.vscode-server/bin/fee1edb8d6d72a0ddff41e5f71a671c23ed924b9/node', 'PYDEVD_DISABLE_FILE_VALIDATION': '1', 'BUNDLED_DEBUGPY_PATH': '/home/timl/.vscode-server/extensions/ms-python.debugpy-2025.4.1-linux-x64/bundled/libs/debugpy', 'DBUS_SESSION_BUS_ADDRESS': 'unix:path=/run/user/1000/bus', 'COLORTERM': 'truecolor', 'WSL_DISTRO_NAME': 'Ubuntu', 'WAYLAND_DISPLAY': 'wayland-0', 'ROS_DISTRO': 'jazzy', 'LOGNAME': 'timl', 'NAME': 'timli', 'WSL_INTEROP': '/run/WSL/15874_interop', 'PULSE_SERVER': 'unix:/mnt/wslg/PulseServer', '_': '/usr/bin/colcon', 'ROS_VERSION': '2', 'TERM': 'xterm-256color', 'PATH': '/home/timl/.vscode-server/bin/fee1edb8d6d72a0ddff41e5f71a671c23ed924b9/bin/remote-cli:/home/timl/.cargo/bin:/opt/ros/jazzy/opt/gz_tools_vendor/bin:/opt/ros/jazzy/bin:/usr/local/sbin:/usr/local/bin:/usr/sbin:/usr/bin:/sbin:/bin:/usr/games:/usr/local/games:/usr/lib/wsl/lib:/mnt/c/Program Files (x86)/Razer Chroma SDK/bin:/mnt/c/Program Files/Razer Chroma SDK/bin:/mnt/c/Python312/Scripts/:/mnt/c/Python312/:/mnt/c/Program Files (x86)/Razer/ChromaBroadcast/bin:/mnt/c/Program Files/Razer/ChromaBroadcast/bin:/mnt/c/Windows/system32:/mnt/c/Windows:/mnt/c/Windows/System32/Wbem:/mnt/c/Windows/System32/WindowsPowerShell/v1.0/:/mnt/c/Windows/System32/OpenSSH/:/mnt/c/Program Files (x86)/NVIDIA Corporation/PhysX/Common:/mnt/c/Program Files/NVIDIA Corporation/NVIDIA NGX:/mnt/c/Program Files/NVIDIA Corporation/NVIDIA NvDLISR:/mnt/c/Program Files (x86)/Intel/Intel(R) Management Engine Components/DAL:/mnt/c/Program Files/Intel/Intel(R) Management Engine Components/DAL:/mnt/c/Program Files/Intel/WiFi/bin/:/mnt/c/Program Files/Common Files/Intel/WirelessCommon/:/mnt/c/WINDOWS/system32:/mnt/c/WINDOWS:/mnt/c/WINDOWS/System32/Wbem:/mnt/c/WINDOWS/System32/WindowsPowerShell/v1.0/:/mnt/c/WINDOWS/System32/OpenSSH/:/mnt/c/Program Files/Git/cmd:/mnt/c/Users/miget/AppData/Local/Microsoft/WindowsApps:/mnt/c/Users/miget/AppData/Local/GitHubDesktop/bin:/mnt/c/Users/miget/AppData/Local/Programs/Microsoft VS Code/bin:/mnt/c/ProgramData/chocolatey/bin:/mnt/c/Program Files/nodejs/:/mnt/c/WINDOWS/system32/config/systemprofile/AppData/Local/Microsoft/WindowsApps:/mnt/c/WINDOWS/system32:/mnt/c/WINDOWS:/mnt/c/WINDOWS/System32/Wbem:/mnt/c/WINDOWS/System32/WindowsPowerShell/v1.0/:/mnt/c/WINDOWS/System32/OpenSSH/:/mnt/c/Program Files/CMake/bin:/mnt/c/Program Files (x86)/Windows Kits/10/Windows Performance Toolkit/:/mnt/c/Users/miget/AppData/Local/Microsoft/WindowsApps:/mnt/c/Users/miget/AppData/Local/GitHubDesktop/bin:/mnt/c/Users/miget/AppData/Local/Programs/Microsoft VS Code/bin:/mnt/c/Users/miget/AppData/Local/Programs/MiKTeX/miktex/bin/x64/:/mnt/c/Users/miget/AppData/Local/Microsoft/WinGet/Links:/mnt/c/Users/miget/AppData/Roaming/npm:/snap/bin:/home/timl/.vscode-server/extensions/ms-python.debugpy-2025.4.1-linux-x64/bundled/scripts/noConfigScripts', 'XDG_RUNTIME_DIR': '/run/user/1000/', 'DISPLAY': ':0', 'VSCODE_DEBUGPY_ADAPTER_ENDPOINTS': '/home/timl/.vscode-server/extensions/ms-python.debugpy-2025.4.1-linux-x64/.noConfigDebugAdapterEndpoints/endpoint-157ada520155b345.txt', 'LANG': 'C.UTF-8', 'LS_COLORS': 'rs=0:di=01;34:ln=01;36:mh=00:pi=40;33:so=01;35:do=01;35:bd=40;33;01:cd=40;33;01:or=40;31;01:mi=00:su=37;41:sg=30;43:ca=00:tw=30;42:ow=34;42:st=37;44:ex=01;32:*.tar=01;31:*.tgz=01;31:*.arc=01;31:*.arj=01;31:*.taz=01;31:*.lha=01;31:*.lz4=01;31:*.lzh=01;31:*.lzma=01;31:*.tlz=01;31:*.txz=01;31:*.tzo=01;31:*.t7z=01;31:*.zip=01;31:*.z=01;31:*.dz=01;31:*.gz=01;31:*.lrz=01;31:*.lz=01;31:*.lzo=01;31:*.xz=01;31:*.zst=01;31:*.tzst=01;31:*.bz2=01;31:*.bz=01;31:*.tbz=01;31:*.tbz2=01;31:*.tz=01;31:*.deb=01;31:*.rpm=01;31:*.jar=01;31:*.war=01;31:*.ear=01;31:*.sar=01;31:*.rar=01;31:*.alz=01;31:*.ace=01;31:*.zoo=01;31:*.cpio=01;31:*.7z=01;31:*.rz=01;31:*.cab=01;31:*.wim=01;31:*.swm=01;31:*.dwm=01;31:*.esd=01;31:*.avif=01;35:*.jpg=01;35:*.jpeg=01;35:*.mjpg=01;35:*.mjpeg=01;35:*.gif=01;35:*.bmp=01;35:*.pbm=01;35:*.pgm=01;35:*.ppm=01;35:*.tga=01;35:*.xbm=01;35:*.xpm=01;35:*.tif=01;35:*.tiff=01;35:*.png=01;35:*.svg=01;35:*.svgz=01;35:*.mng=01;35:*.pcx=01;35:*.mov=01;35:*.mpg=01;35:*.mpeg=01;35:*.m2v=01;35:*.mkv=01;35:*.webm=01;35:*.webp=01;35:*.ogm=01;35:*.mp4=01;35:*.m4v=01;35:*.mp4v=01;35:*.vob=01;35:*.qt=01;35:*.nuv=01;35:*.wmv=01;35:*.asf=01;35:*.rm=01;35:*.rmvb=01;35:*.flc=01;35:*.avi=01;35:*.fli=01;35:*.flv=01;35:*.gl=01;35:*.dl=01;35:*.xcf=01;35:*.xwd=01;35:*.yuv=01;35:*.cgm=01;35:*.emf=01;35:*.ogv=01;35:*.ogx=01;35:*.aac=00;36:*.au=00;36:*.flac=00;36:*.m4a=00;36:*.mid=00;36:*.midi=00;36:*.mka=00;36:*.mp3=00;36:*.mpc=00;36:*.ogg=00;36:*.ra=00;36:*.wav=00;36:*.oga=00;36:*.opus=00;36:*.spx=00;36:*.xspf=00;36:*~=00;90:*#=00;90:*.bak=00;90:*.crdownload=00;90:*.dpkg-dist=00;90:*.dpkg-new=00;90:*.dpkg-old=00;90:*.dpkg-tmp=00;90:*.old=00;90:*.orig=00;90:*.part=00;90:*.rej=00;90:*.rpmnew=00;90:*.rpmorig=00;90:*.rpmsave=00;90:*.swp=00;90:*.tmp=00;90:*.ucf-dist=00;90:*.ucf-new=00;90:*.ucf-old=00;90:', 'VSCODE_GIT_IPC_HANDLE': '/run/user/1000/vscode-git-8793c7b79d.sock', 'TERM_PROGRAM': 'vscode', 'ROS_DOMAIN_ID': '0', 'AMENT_PREFIX_PATH': '/home/timl/ros2_ws/install/turtlesim:/opt/ros/jazzy', 'SHELL': '/bin/bash', 'LESSCLOSE': '/usr/bin/lesspipe %s %s', 'ROS_AUTOMATIC_DISCOVERY_RANGE': 'SUBNET', 'VSCODE_GIT_ASKPASS_EXTRA_ARGS': '', 'PWD': '/home/timl/ros2_ws/build/test_node', 'XDG_DATA_DIRS': '/usr/local/share:/usr/share:/var/lib/snapd/desktop', 'PYTHONPATH': '/home/timl/ros2_ws/install/turtlesim/lib/python3.12/site-packages:/opt/ros/jazzy/lib/python3.12/site-packages', 'COLCON': '1', 'WSL2_GUI_APPS_ENABLED': '1', 'HOSTTYPE': 'x86_64', 'CMAKE_PREFIX_PATH': '/home/timl/ros2_ws/install/turtlesim:/opt/ros/jazzy/opt/sdformat_vendor:/opt/ros/jazzy/opt/gz_math_vendor:/opt/ros/jazzy/opt/gz_utils_vendor:/opt/ros/jazzy/opt/gz_tools_vendor:/opt/ros/jazzy/opt/gz_cmake_vendor:/opt/ros/jazzy', 'WSLENV': 'VSCODE_WSL_EXT_LOCATION/up:VSCODE_SERVER_TAR/up'}), 'shell': False}
[0.294895] (test_node) StdoutLine: {'line': b'[ 50%] \x1b[32mBuilding CXX object CMakeFiles/test_program.dir/src/test.cpp.o\x1b[0m\n'}
[0.300479] (-) TimerEvent: {}
[0.400783] (-) TimerEvent: {}
[0.501066] (-) TimerEvent: {}
[0.601387] (-) TimerEvent: {}
[0.701753] (-) TimerEvent: {}
[0.802071] (-) TimerEvent: {}
[0.902427] (-) TimerEvent: {}
[1.002751] (-) TimerEvent: {}
[1.103053] (-) TimerEvent: {}
[1.203385] (-) TimerEvent: {}
[1.303710] (-) TimerEvent: {}
[1.404034] (-) TimerEvent: {}
[1.504325] (-) TimerEvent: {}
[1.604659] (-) TimerEvent: {}
[1.704992] (-) TimerEvent: {}
[1.805362] (-) TimerEvent: {}
[1.905747] (-) TimerEvent: {}
[2.006119] (-) TimerEvent: {}
[2.106466] (-) TimerEvent: {}
[2.206808] (-) TimerEvent: {}
[2.307142] (-) TimerEvent: {}
[2.407612] (-) TimerEvent: {}
[2.508289] (-) TimerEvent: {}
[2.608595] (-) TimerEvent: {}
[2.689504] (test_node) StderrLine: {'line': b'\x1b[01m\x1b[K/home/timl/ros2_ws/src/test_node/src/test.cpp:12:26:\x1b[m\x1b[K \x1b[01;31m\x1b[Kerror: \x1b[m\x1b[K\xe2\x80\x98\x1b[01m\x1b[K_l\x1b[m\x1b[K\xe2\x80\x99 has not been declared in \xe2\x80\x98\x1b[01m\x1b[Kstd::placeholders\x1b[m\x1b[K\xe2\x80\x99\n'}
[2.689702] (test_node) StderrLine: {'line': b'   12 | using std::placeholders::\x1b[01;31m\x1b[K_l\x1b[m\x1b[K;\n'}
[2.689782] (test_node) StderrLine: {'line': b'      |                          \x1b[01;31m\x1b[K^~\x1b[m\x1b[K\n'}
[2.695980] (test_node) StderrLine: {'line': b'\x1b[01m\x1b[K/home/timl/ros2_ws/src/test_node/src/test.cpp:74:23:\x1b[m\x1b[K \x1b[01;31m\x1b[Kerror: \x1b[m\x1b[K\xe2\x80\x98\x1b[01m\x1b[Kgeomtry_msgs\x1b[m\x1b[K\xe2\x80\x99 was not declared in this scope; did you mean \xe2\x80\x98\x1b[01m\x1b[Kgeometry_msgs\x1b[m\x1b[K\xe2\x80\x99?\n'}
[2.696146] (test_node) StderrLine: {'line': b'   74 |     rclcpp::Publisher<\x1b[01;31m\x1b[Kgeomtry_msgs\x1b[m\x1b[K::msg::Twist>::SharedPtr ControlPublisher;\n'}
[2.696267] (test_node) StderrLine: {'line': b'      |                       \x1b[01;31m\x1b[K^~~~~~~~~~~~\x1b[m\x1b[K\n'}
[2.696338] (test_node) StderrLine: {'line': b'      |                       \x1b[32m\x1b[Kgeometry_msgs\x1b[m\x1b[K\n'}
[2.696406] (test_node) StderrLine: {'line': b'\x1b[01m\x1b[K/home/timl/ros2_ws/src/test_node/src/test.cpp:74:47:\x1b[m\x1b[K \x1b[01;31m\x1b[Kerror: \x1b[m\x1b[Ktemplate argument 1 is invalid\n'}
[2.696473] (test_node) StderrLine: {'line': b'   74 |     rclcpp::Publisher<geomtry_msgs::msg::Twist\x1b[01;31m\x1b[K>\x1b[m\x1b[K::SharedPtr ControlPublisher;\n'}
[2.696538] (test_node) StderrLine: {'line': b'      |                                               \x1b[01;31m\x1b[K^\x1b[m\x1b[K\n'}
[2.696603] (test_node) StderrLine: {'line': b'\x1b[01m\x1b[K/home/timl/ros2_ws/src/test_node/src/test.cpp:74:50:\x1b[m\x1b[K \x1b[01;31m\x1b[Kerror: \x1b[m\x1b[Kexpected \xe2\x80\x98\x1b[01m\x1b[K;\x1b[m\x1b[K\xe2\x80\x99 at end of member declaration\n'}
[2.696670] (test_node) StderrLine: {'line': b'   74 |     rclcpp::Publisher<geomtry_msgs::msg::Twist>::\x1b[01;31m\x1b[KSharedPtr\x1b[m\x1b[K ControlPublisher;\n'}
[2.696735] (test_node) StderrLine: {'line': b'      |                                                  \x1b[01;31m\x1b[K^~~~~~~~~\x1b[m\x1b[K\n'}
[2.696800] (test_node) StderrLine: {'line': b'      |                                                           \x1b[32m\x1b[K;\x1b[m\x1b[K\n'}
[2.698816] (test_node) StderrLine: {'line': b'\x1b[01m\x1b[K/home/timl/ros2_ws/src/test_node/src/test.cpp:74:60:\x1b[m\x1b[K \x1b[01;31m\x1b[Kerror: \x1b[m\x1b[K\xe2\x80\x98\x1b[01m\x1b[KControlPublisher\x1b[m\x1b[K\xe2\x80\x99 does not name a type\n'}
[2.698932] (test_node) StderrLine: {'line': b'   74 |     rclcpp::Publisher<geomtry_msgs::msg::Twist>::SharedPtr \x1b[01;31m\x1b[KControlPublisher\x1b[m\x1b[K;\n'}
[2.699006] (test_node) StderrLine: {'line': b'      |                                                            \x1b[01;31m\x1b[K^~~~~~~~~~~~~~~~\x1b[m\x1b[K\n'}
[2.708766] (-) TimerEvent: {}
[2.731754] (test_node) StderrLine: {'line': b'\x1b[01m\x1b[K/home/timl/ros2_ws/src/test_node/src/test.cpp:76:2:\x1b[m\x1b[K \x1b[01;31m\x1b[Kerror: \x1b[m\x1b[Kexpected \xe2\x80\x98\x1b[01m\x1b[K;\x1b[m\x1b[K\xe2\x80\x99 after class definition\n'}
[2.731937] (test_node) StderrLine: {'line': b'   76 | }\n'}
[2.732013] (test_node) StderrLine: {'line': b'      |  \x1b[01;31m\x1b[K^\x1b[m\x1b[K\n'}
[2.732081] (test_node) StderrLine: {'line': b'      |  \x1b[32m\x1b[K;\x1b[m\x1b[K\n'}
[2.742362] (test_node) StderrLine: {'line': b'\x1b[01m\x1b[K/home/timl/ros2_ws/src/test_node/src/test.cpp:\x1b[m\x1b[K In constructor \xe2\x80\x98\x1b[01m\x1b[KControllerNode::\x1b[01;32m\x1b[KControllerNode\x1b[m\x1b[K()\x1b[m\x1b[K\xe2\x80\x99:\n'}
[2.742534] (test_node) StderrLine: {'line': b'\x1b[01m\x1b[K/home/timl/ros2_ws/src/test_node/src/test.cpp:22:9:\x1b[m\x1b[K \x1b[01;31m\x1b[Kerror: \x1b[m\x1b[K\xe2\x80\x98\x1b[01m\x1b[KControlPublisher\x1b[m\x1b[K\xe2\x80\x99 was not declared in this scope\n'}
[2.742611] (test_node) StderrLine: {'line': b'   22 |         \x1b[01;31m\x1b[KControlPublisher\x1b[m\x1b[K = this->create_publisher<geometry_msgs::msg::Twist>("/turtle1/cmd_vel", 5);\n'}
[2.742681] (test_node) StderrLine: {'line': b'      |         \x1b[01;31m\x1b[K^~~~~~~~~~~~~~~~\x1b[m\x1b[K\n'}
[2.745240] (test_node) StderrLine: {'line': b'\x1b[01m\x1b[K/home/timl/ros2_ws/src/test_node/src/test.cpp:27:40:\x1b[m\x1b[K \x1b[01;31m\x1b[Kerror: \x1b[m\x1b[K\xe2\x80\x98\x1b[01m\x1b[KSensorCallback\x1b[m\x1b[K\xe2\x80\x99 is not a member of \xe2\x80\x98\x1b[01m\x1b[KControllerNode\x1b[m\x1b[K\xe2\x80\x99\n'}
[2.745400] (test_node) StderrLine: {'line': b'   27 |             std::bind(&ControllerNode::\x1b[01;31m\x1b[KSensorCallback\x1b[m\x1b[K, this, _l));\n'}
[2.745543] (test_node) StderrLine: {'line': b'      |                                        \x1b[01;31m\x1b[K^~~~~~~~~~~~~~\x1b[m\x1b[K\n'}
[2.750431] (test_node) StderrLine: {'line': b'\x1b[01m\x1b[K/home/timl/ros2_ws/src/test_node/src/test.cpp:27:62:\x1b[m\x1b[K \x1b[01;31m\x1b[Kerror: \x1b[m\x1b[K\xe2\x80\x98\x1b[01m\x1b[K_l\x1b[m\x1b[K\xe2\x80\x99 was not declared in this scope\n'}
[2.750590] (test_node) StderrLine: {'line': b'   27 |             std::bind(&ControllerNode::SensorCallback, this, \x1b[01;31m\x1b[K_l\x1b[m\x1b[K));\n'}
[2.750664] (test_node) StderrLine: {'line': b'      |                                                              \x1b[01;31m\x1b[K^~\x1b[m\x1b[K\n'}
[2.808933] (-) TimerEvent: {}
[2.909268] (-) TimerEvent: {}
[3.009634] (-) TimerEvent: {}
[3.109978] (-) TimerEvent: {}
[3.210351] (-) TimerEvent: {}
[3.310694] (-) TimerEvent: {}
[3.411036] (-) TimerEvent: {}
[3.511359] (-) TimerEvent: {}
[3.611690] (-) TimerEvent: {}
[3.712014] (-) TimerEvent: {}
[3.744161] (test_node) StderrLine: {'line': b'gmake[2]: *** [CMakeFiles/test_program.dir/build.make:76: CMakeFiles/test_program.dir/src/test.cpp.o] Error 1\n'}
[3.744478] (test_node) StderrLine: {'line': b'gmake[1]: *** [CMakeFiles/Makefile2:137: CMakeFiles/test_program.dir/all] Error 2\n'}
[3.744598] (test_node) StderrLine: {'line': b'gmake: *** [Makefile:146: all] Error 2\n'}
[3.747170] (test_node) CommandEnded: {'returncode': 2}
[3.754043] (test_node) JobEnded: {'identifier': 'test_node', 'rc': 2}
[3.764710] (-) EventReactorShutdown: {}
