[0.000000] (-) TimerEvent: {}
[0.000755] (-) JobUnselected: {'identifier': 'cpp_parameters'}
[0.000819] (-) JobUnselected: {'identifier': 'cpp_pubsub'}
[0.000865] (-) JobUnselected: {'identifier': 'cpp_srvcli'}
[0.000908] (-) JobUnselected: {'identifier': 'custom_action_cpp'}
[0.000950] (-) JobUnselected: {'identifier': 'custom_action_interfaces'}
[0.000992] (-) JobUnselected: {'identifier': 'more_interfaces'}
[0.001034] (-) JobUnselected: {'identifier': 'my_package'}
[0.001075] (-) JobUnselected: {'identifier': 'polygon_base'}
[0.001117] (-) JobUnselected: {'identifier': 'polygon_plugins'}
[0.001158] (-) JobUnselected: {'identifier': 'py_pubsub'}
[0.001200] (-) JobUnselected: {'identifier': 'turtlesim'}
[0.001241] (-) JobUnselected: {'identifier': 'tutorial_interfaces'}
[0.001285] (test_node) JobQueued: {'identifier': 'test_node', 'dependencies': OrderedDict({'turtlesim': '/home/timl/ros2_ws/install/turtlesim'})}
[0.001335] (test_node) JobStarted: {'identifier': 'test_node'}
[0.099679] (-) TimerEvent: {}
[0.192558] (test_node) JobProgress: {'identifier': 'test_node', 'progress': 'cmake'}
[0.193718] (test_node) JobProgress: {'identifier': 'test_node', 'progress': 'build'}
[0.193781] (test_node) Command: {'cmd': ['/usr/bin/cmake', '--build', '/home/timl/ros2_ws/build/test_node', '--', '-j6', '-l6'], 'cwd': '/home/timl/ros2_ws/build/test_node', 'env': OrderedDict({'LESSOPEN': '| /usr/bin/lesspipe %s', 'USER': 'timl', 'GZ_CONFIG_PATH': '/opt/ros/jazzy/opt/sdformat_vendor/share/gz', 'GIT_ASKPASS': '/home/timl/.vscode-server/bin/fee1edb8d6d72a0ddff41e5f71a671c23ed924b9/extensions/git/dist/askpass.sh', 'SHLVL': '1', 'LD_LIBRARY_PATH': '/home/timl/ros2_ws/install/turtlesim/lib:/opt/ros/jazzy/opt/sdformat_vendor/lib:/opt/ros/jazzy/opt/rviz_ogre_vendor/lib:/opt/ros/jazzy/lib/x86_64-linux-gnu:/opt/ros/jazzy/opt/gz_math_vendor/lib:/opt/ros/jazzy/opt/gz_utils_vendor/lib:/opt/ros/jazzy/opt/gz_tools_vendor/lib:/opt/ros/jazzy/opt/gz_cmake_vendor/lib:/opt/ros/jazzy/lib', 'HOME': '/home/timl', 'OLDPWD': '/home/timl/ros2_ws/src', 'TERM_PROGRAM_VERSION': '1.92.2', 'VSCODE_IPC_HOOK_CLI': '/run/user/1000/vscode-ipc-415f20eb-9938-49d0-abf9-56e8c595459c.sock', 'ROS_PYTHON_VERSION': '3', 'VSCODE_GIT_ASKPASS_MAIN': '/home/timl/.vscode-server/bin/fee1edb8d6d72a0ddff41e5f71a671c23ed924b9/extensions/git/dist/askpass-main.js', 'VSCODE_GIT_ASKPASS_NODE': '/home/timl/.vscode-server/bin/fee1edb8d6d72a0ddff41e5f71a671c23ed924b9/node', 'PYDEVD_DISABLE_FILE_VALIDATION': '1', 'BUNDLED_DEBUGPY_PATH': '/home/timl/.vscode-server/extensions/ms-python.debugpy-2025.4.1-linux-x64/bundled/libs/debugpy', 'DBUS_SESSION_BUS_ADDRESS': 'unix:path=/run/user/1000/bus', 'COLORTERM': 'truecolor', 'WSL_DISTRO_NAME': 'Ubuntu', 'WAYLAND_DISPLAY': 'wayland-0', 'ROS_DISTRO': 'jazzy', 'LOGNAME': 'timl', 'NAME': 'timli', 'WSL_INTEROP': '/run/WSL/15874_interop', 'PULSE_SERVER': 'unix:/mnt/wslg/PulseServer', '_': '/usr/bin/colcon', 'ROS_VERSION': '2', 'TERM': 'xterm-256color', 'PATH': '/home/timl/.vscode-server/bin/fee1edb8d6d72a0ddff41e5f71a671c23ed924b9/bin/remote-cli:/home/timl/.cargo/bin:/opt/ros/jazzy/opt/gz_tools_vendor/bin:/opt/ros/jazzy/bin:/usr/local/sbin:/usr/local/bin:/usr/sbin:/usr/bin:/sbin:/bin:/usr/games:/usr/local/games:/usr/lib/wsl/lib:/mnt/c/Program Files (x86)/Razer Chroma SDK/bin:/mnt/c/Program Files/Razer Chroma SDK/bin:/mnt/c/Python312/Scripts/:/mnt/c/Python312/:/mnt/c/Program Files (x86)/Razer/ChromaBroadcast/bin:/mnt/c/Program Files/Razer/ChromaBroadcast/bin:/mnt/c/Windows/system32:/mnt/c/Windows:/mnt/c/Windows/System32/Wbem:/mnt/c/Windows/System32/WindowsPowerShell/v1.0/:/mnt/c/Windows/System32/OpenSSH/:/mnt/c/Program Files (x86)/NVIDIA Corporation/PhysX/Common:/mnt/c/Program Files/NVIDIA Corporation/NVIDIA NGX:/mnt/c/Program Files/NVIDIA Corporation/NVIDIA NvDLISR:/mnt/c/Program Files (x86)/Intel/Intel(R) Management Engine Components/DAL:/mnt/c/Program Files/Intel/Intel(R) Management Engine Components/DAL:/mnt/c/Program Files/Intel/WiFi/bin/:/mnt/c/Program Files/Common Files/Intel/WirelessCommon/:/mnt/c/WINDOWS/system32:/mnt/c/WINDOWS:/mnt/c/WINDOWS/System32/Wbem:/mnt/c/WINDOWS/System32/WindowsPowerShell/v1.0/:/mnt/c/WINDOWS/System32/OpenSSH/:/mnt/c/Program Files/Git/cmd:/mnt/c/Users/miget/AppData/Local/Microsoft/WindowsApps:/mnt/c/Users/miget/AppData/Local/GitHubDesktop/bin:/mnt/c/Users/miget/AppData/Local/Programs/Microsoft VS Code/bin:/mnt/c/ProgramData/chocolatey/bin:/mnt/c/Program Files/nodejs/:/mnt/c/WINDOWS/system32/config/systemprofile/AppData/Local/Microsoft/WindowsApps:/mnt/c/WINDOWS/system32:/mnt/c/WINDOWS:/mnt/c/WINDOWS/System32/Wbem:/mnt/c/WINDOWS/System32/WindowsPowerShell/v1.0/:/mnt/c/WINDOWS/System32/OpenSSH/:/mnt/c/Program Files/CMake/bin:/mnt/c/Program Files (x86)/Windows Kits/10/Windows Performance Toolkit/:/mnt/c/Users/miget/AppData/Local/Microsoft/WindowsApps:/mnt/c/Users/miget/AppData/Local/GitHubDesktop/bin:/mnt/c/Users/miget/AppData/Local/Programs/Microsoft VS Code/bin:/mnt/c/Users/miget/AppData/Local/Programs/MiKTeX/miktex/bin/x64/:/mnt/c/Users/miget/AppData/Local/Microsoft/WinGet/Links:/mnt/c/Users/miget/AppData/Roaming/npm:/snap/bin:/home/timl/.vscode-server/extensions/ms-python.debugpy-2025.4.1-linux-x64/bundled/scripts/noConfigScripts', 'XDG_RUNTIME_DIR': '/run/user/1000/', 'DISPLAY': ':0', 'VSCODE_DEBUGPY_ADAPTER_ENDPOINTS': '/home/timl/.vscode-server/extensions/ms-python.debugpy-2025.4.1-linux-x64/.noConfigDebugAdapterEndpoints/endpoint-157ada520155b345.txt', 'LANG': 'C.UTF-8', 'LS_COLORS': 'rs=0:di=01;34:ln=01;36:mh=00:pi=40;33:so=01;35:do=01;35:bd=40;33;01:cd=40;33;01:or=40;31;01:mi=00:su=37;41:sg=30;43:ca=00:tw=30;42:ow=34;42:st=37;44:ex=01;32:*.tar=01;31:*.tgz=01;31:*.arc=01;31:*.arj=01;31:*.taz=01;31:*.lha=01;31:*.lz4=01;31:*.lzh=01;31:*.lzma=01;31:*.tlz=01;31:*.txz=01;31:*.tzo=01;31:*.t7z=01;31:*.zip=01;31:*.z=01;31:*.dz=01;31:*.gz=01;31:*.lrz=01;31:*.lz=01;31:*.lzo=01;31:*.xz=01;31:*.zst=01;31:*.tzst=01;31:*.bz2=01;31:*.bz=01;31:*.tbz=01;31:*.tbz2=01;31:*.tz=01;31:*.deb=01;31:*.rpm=01;31:*.jar=01;31:*.war=01;31:*.ear=01;31:*.sar=01;31:*.rar=01;31:*.alz=01;31:*.ace=01;31:*.zoo=01;31:*.cpio=01;31:*.7z=01;31:*.rz=01;31:*.cab=01;31:*.wim=01;31:*.swm=01;31:*.dwm=01;31:*.esd=01;31:*.avif=01;35:*.jpg=01;35:*.jpeg=01;35:*.mjpg=01;35:*.mjpeg=01;35:*.gif=01;35:*.bmp=01;35:*.pbm=01;35:*.pgm=01;35:*.ppm=01;35:*.tga=01;35:*.xbm=01;35:*.xpm=01;35:*.tif=01;35:*.tiff=01;35:*.png=01;35:*.svg=01;35:*.svgz=01;35:*.mng=01;35:*.pcx=01;35:*.mov=01;35:*.mpg=01;35:*.mpeg=01;35:*.m2v=01;35:*.mkv=01;35:*.webm=01;35:*.webp=01;35:*.ogm=01;35:*.mp4=01;35:*.m4v=01;35:*.mp4v=01;35:*.vob=01;35:*.qt=01;35:*.nuv=01;35:*.wmv=01;35:*.asf=01;35:*.rm=01;35:*.rmvb=01;35:*.flc=01;35:*.avi=01;35:*.fli=01;35:*.flv=01;35:*.gl=01;35:*.dl=01;35:*.xcf=01;35:*.xwd=01;35:*.yuv=01;35:*.cgm=01;35:*.emf=01;35:*.ogv=01;35:*.ogx=01;35:*.aac=00;36:*.au=00;36:*.flac=00;36:*.m4a=00;36:*.mid=00;36:*.midi=00;36:*.mka=00;36:*.mp3=00;36:*.mpc=00;36:*.ogg=00;36:*.ra=00;36:*.wav=00;36:*.oga=00;36:*.opus=00;36:*.spx=00;36:*.xspf=00;36:*~=00;90:*#=00;90:*.bak=00;90:*.crdownload=00;90:*.dpkg-dist=00;90:*.dpkg-new=00;90:*.dpkg-old=00;90:*.dpkg-tmp=00;90:*.old=00;90:*.orig=00;90:*.part=00;90:*.rej=00;90:*.rpmnew=00;90:*.rpmorig=00;90:*.rpmsave=00;90:*.swp=00;90:*.tmp=00;90:*.ucf-dist=00;90:*.ucf-new=00;90:*.ucf-old=00;90:', 'VSCODE_GIT_IPC_HANDLE': '/run/user/1000/vscode-git-8793c7b79d.sock', 'TERM_PROGRAM': 'vscode', 'ROS_DOMAIN_ID': '0', 'AMENT_PREFIX_PATH': '/home/timl/ros2_ws/install/turtlesim:/opt/ros/jazzy', 'SHELL': '/bin/bash', 'LESSCLOSE': '/usr/bin/lesspipe %s %s', 'ROS_AUTOMATIC_DISCOVERY_RANGE': 'SUBNET', 'VSCODE_GIT_ASKPASS_EXTRA_ARGS': '', 'PWD': '/home/timl/ros2_ws/build/test_node', 'XDG_DATA_DIRS': '/usr/local/share:/usr/share:/var/lib/snapd/desktop', 'PYTHONPATH': '/home/timl/ros2_ws/install/turtlesim/lib/python3.12/site-packages:/opt/ros/jazzy/lib/python3.12/site-packages', 'COLCON': '1', 'WSL2_GUI_APPS_ENABLED': '1', 'HOSTTYPE': 'x86_64', 'CMAKE_PREFIX_PATH': '/home/timl/ros2_ws/install/turtlesim:/opt/ros/jazzy/opt/sdformat_vendor:/opt/ros/jazzy/opt/gz_math_vendor:/opt/ros/jazzy/opt/gz_utils_vendor:/opt/ros/jazzy/opt/gz_tools_vendor:/opt/ros/jazzy/opt/gz_cmake_vendor:/opt/ros/jazzy', 'WSLENV': 'VSCODE_WSL_EXT_LOCATION/up:VSCODE_SERVER_TAR/up'}), 'shell': False}
[0.199755] (-) TimerEvent: {}
[0.255728] (test_node) StdoutLine: {'line': b'[ 50%] \x1b[32mBuilding CXX object CMakeFiles/test_program.dir/src/test.cpp.o\x1b[0m\n'}
[0.299844] (-) TimerEvent: {}
[0.400111] (-) TimerEvent: {}
[0.500370] (-) TimerEvent: {}
[0.600618] (-) TimerEvent: {}
[0.700831] (-) TimerEvent: {}
[0.801129] (-) TimerEvent: {}
[0.901436] (-) TimerEvent: {}
[1.001713] (-) TimerEvent: {}
[1.102025] (-) TimerEvent: {}
[1.202334] (-) TimerEvent: {}
[1.302637] (-) TimerEvent: {}
[1.402943] (-) TimerEvent: {}
[1.503166] (-) TimerEvent: {}
[1.603476] (-) TimerEvent: {}
[1.703721] (-) TimerEvent: {}
[1.804064] (-) TimerEvent: {}
[1.904365] (-) TimerEvent: {}
[2.004684] (-) TimerEvent: {}
[2.104965] (-) TimerEvent: {}
[2.205289] (-) TimerEvent: {}
[2.305603] (-) TimerEvent: {}
[2.405911] (-) TimerEvent: {}
[2.506225] (-) TimerEvent: {}
[2.519264] (test_node) StderrLine: {'line': b'\x1b[01m\x1b[K/home/timl/ros2_ws/src/test_node/src/test.cpp:5:26:\x1b[m\x1b[K \x1b[01;31m\x1b[Kerror: \x1b[m\x1b[K\xe2\x80\x98\x1b[01m\x1b[K_l\x1b[m\x1b[K\xe2\x80\x99 has not been declared in \xe2\x80\x98\x1b[01m\x1b[Kstd::placeholders\x1b[m\x1b[K\xe2\x80\x99\n'}
[2.519448] (test_node) StderrLine: {'line': b'    5 | using std::placeholders::\x1b[01;31m\x1b[K_l\x1b[m\x1b[K;\n'}
[2.519525] (test_node) StderrLine: {'line': b'      |                          \x1b[01;31m\x1b[K^~\x1b[m\x1b[K\n'}
[2.554117] (test_node) StderrLine: {'line': b'\x1b[01m\x1b[K/home/timl/ros2_ws/src/test_node/src/test.cpp:63:2:\x1b[m\x1b[K \x1b[01;31m\x1b[Kerror: \x1b[m\x1b[Kexpected \xe2\x80\x98\x1b[01m\x1b[K;\x1b[m\x1b[K\xe2\x80\x99 after class definition\n'}
[2.554281] (test_node) StderrLine: {'line': b'   63 | }\n'}
[2.554352] (test_node) StderrLine: {'line': b'      |  \x1b[01;31m\x1b[K^\x1b[m\x1b[K\n'}
[2.554419] (test_node) StderrLine: {'line': b'      |  \x1b[32m\x1b[K;\x1b[m\x1b[K\n'}
[2.555898] (test_node) StderrLine: {'line': b'\x1b[01m\x1b[K/home/timl/ros2_ws/src/test_node/src/test.cpp:\x1b[m\x1b[K In constructor \xe2\x80\x98\x1b[01m\x1b[KControllerNode::\x1b[01;32m\x1b[KControllerNode\x1b[m\x1b[K()\x1b[m\x1b[K\xe2\x80\x99:\n'}
[2.556017] (test_node) StderrLine: {'line': b'\x1b[01m\x1b[K/home/timl/ros2_ws/src/test_node/src/test.cpp:14:44:\x1b[m\x1b[K \x1b[01;31m\x1b[Kerror: \x1b[m\x1b[K\xe2\x80\x98\x1b[01m\x1b[KSensorCallback\x1b[m\x1b[K\xe2\x80\x99 is not a member of \xe2\x80\x98\x1b[01m\x1b[KControllerNode\x1b[m\x1b[K\xe2\x80\x99\n'}
[2.556091] (test_node) StderrLine: {'line': b'   14 |           std::bind(&ControllerNode::\x1b[01;31m\x1b[KSensorCallback\x1b[m\x1b[K, this, _l));\n'}
[2.556160] (test_node) StderrLine: {'line': b'      |                                      \x1b[01;31m\x1b[K^~~~~~~~~~~~~~\x1b[m\x1b[K\n'}
[2.556226] (test_node) StderrLine: {'line': b'\n'}
[2.560937] (test_node) StderrLine: {'line': b'\x1b[01m\x1b[K/home/timl/ros2_ws/src/test_node/src/test.cpp:14:66:\x1b[m\x1b[K \x1b[01;31m\x1b[Kerror: \x1b[m\x1b[K\xe2\x80\x98\x1b[01m\x1b[K_l\x1b[m\x1b[K\xe2\x80\x99 was not declared in this scope\n'}
[2.561085] (test_node) StderrLine: {'line': b'   14 | ind(&ControllerNode::SensorCallback, this, \x1b[01;31m\x1b[K_l\x1b[m\x1b[K));\n'}
[2.561158] (test_node) StderrLine: {'line': b'      |                                            \x1b[01;31m\x1b[K^~\x1b[m\x1b[K\n'}
[2.561225] (test_node) StderrLine: {'line': b'\n'}
[2.606297] (-) TimerEvent: {}
[2.706586] (-) TimerEvent: {}
[2.806896] (-) TimerEvent: {}
[2.907207] (-) TimerEvent: {}
[3.007485] (-) TimerEvent: {}
[3.107774] (-) TimerEvent: {}
[3.208052] (-) TimerEvent: {}
[3.308355] (-) TimerEvent: {}
[3.408628] (-) TimerEvent: {}
[3.508909] (-) TimerEvent: {}
[3.609194] (-) TimerEvent: {}
[3.643602] (test_node) StderrLine: {'line': b'gmake[2]: *** [CMakeFiles/test_program.dir/build.make:76: CMakeFiles/test_program.dir/src/test.cpp.o] Error 1\n'}
[3.643897] (test_node) StderrLine: {'line': b'gmake[1]: *** [CMakeFiles/Makefile2:137: CMakeFiles/test_program.dir/all] Error 2\n'}
[3.644158] (test_node) StderrLine: {'line': b'gmake: *** [Makefile:146: all] Error 2\n'}
[3.646355] (test_node) CommandEnded: {'returncode': 2}
[3.653553] (test_node) JobEnded: {'identifier': 'test_node', 'rc': 2}
[3.664301] (-) EventReactorShutdown: {}
