[0.013s] Invoking command in '/home/timl/ros2_ws/build/my_cpp_pkg': CMAKE_PREFIX_PATH=${CMAKE_PREFIX_PATH}:/home/timl/ros2_ws/install/A2:/home/timl/ros2_ws/install/py_pubsub:/home/timl/ros2_ws/install/my_py_pkg:/opt/ros/jazzy /usr/bin/cmake --build /home/timl/ros2_ws/build/my_cpp_pkg -- -j6 -l6
[0.071s] [ 20%] Built target add_two_ints_server
[0.071s] [ 40%] Built target smartphone
[0.072s] [ 60%] Built target robot_news_station
[0.072s] [ 80%] Built target cpp_node
[0.087s] [ 90%] [32mBuilding CXX object CMakeFiles/add_two_ints_client.dir/src/add_two_ints_client.cpp.o[0m
[2.537s] [01m[K/home/timl/ros2_ws/src/my_cpp_pkg/src/add_two_ints_client.cpp:[m[K In member function â€˜[01m[Kvoid AddTwoIntsClientNode::[01;32m[KcallAddTwoInts[m[K(int, int)[m[Kâ€™:
[2.537s] [01m[K/home/timl/ros2_ws/src/my_cpp_pkg/src/add_two_ints_client.cpp:16:42:[m[K [01;31m[Kerror: [m[Kâ€˜[01m[Kls[m[Kâ€™ was not declared in this scope
[2.537s]    16 |         while (!client->wait_for_service([01;31m[Kls[m[K))
[2.537s]       |                                          [01;31m[K^~[m[K
[3.516s] gmake[2]: *** [CMakeFiles/add_two_ints_client.dir/build.make:76: CMakeFiles/add_two_ints_client.dir/src/add_two_ints_client.cpp.o] Error 1
[3.516s] gmake[1]: *** [CMakeFiles/Makefile2:249: CMakeFiles/add_two_ints_client.dir/all] Error 2
[3.517s] gmake: *** [Makefile:146: all] Error 2
[3.519s] Invoked command in '/home/timl/ros2_ws/build/my_cpp_pkg' returned '2': CMAKE_PREFIX_PATH=${CMAKE_PREFIX_PATH}:/home/timl/ros2_ws/install/A2:/home/timl/ros2_ws/install/py_pubsub:/home/timl/ros2_ws/install/my_py_pkg:/opt/ros/jazzy /usr/bin/cmake --build /home/timl/ros2_ws/build/my_cpp_pkg -- -j6 -l6
