[0.207s] Invoking command in '/home/timl/ros2_ws/build/test_node': AMENT_PREFIX_PATH=/home/timl/ros2_ws/install/turtlesim:${AMENT_PREFIX_PATH} CMAKE_PREFIX_PATH=/home/timl/ros2_ws/install/turtlesim:/opt/ros/jazzy/opt/sdformat_vendor:/opt/ros/jazzy/opt/gz_math_vendor:/opt/ros/jazzy/opt/gz_utils_vendor:/opt/ros/jazzy/opt/gz_tools_vendor:/opt/ros/jazzy/opt/gz_cmake_vendor:/opt/ros/jazzy LD_LIBRARY_PATH=/home/timl/ros2_ws/install/turtlesim/lib:${LD_LIBRARY_PATH} PYTHONPATH=/home/timl/ros2_ws/install/turtlesim/lib/python3.12/site-packages:${PYTHONPATH} /usr/bin/cmake --build /home/timl/ros2_ws/build/test_node -- -j6 -l6
[0.269s] [ 50%] [32mBuilding CXX object CMakeFiles/test_program.dir/src/test.cpp.o[0m
[2.660s] [01m[K/home/timl/ros2_ws/src/test_node/src/test.cpp:76:2:[m[K [01;31m[Kerror: [m[Kexpected â€˜[01m[K;[m[Kâ€™ after class definition
[2.660s]    76 | }
[2.660s]       |  [01;31m[K^[m[K
[2.660s]       |  [32m[K;[m[K
[2.662s] [01m[K/home/timl/ros2_ws/src/test_node/src/test.cpp:[m[K In constructor â€˜[01m[KControllerNode::[01;32m[KControllerNode[m[K()[m[Kâ€™:
[2.662s] [01m[K/home/timl/ros2_ws/src/test_node/src/test.cpp:27:40:[m[K [01;31m[Kerror: [m[Kâ€˜[01m[KSensorCallback[m[Kâ€™ is not a member of â€˜[01m[KControllerNode[m[Kâ€™
[2.662s]    27 |             std::bind(&ControllerNode::[01;31m[KSensorCallback[m[K(), this, _1));
[2.662s]       |                                        [01;31m[K^~~~~~~~~~~~~~[m[K
[3.727s] gmake[2]: *** [CMakeFiles/test_program.dir/build.make:76: CMakeFiles/test_program.dir/src/test.cpp.o] Error 1
[3.727s] gmake[1]: *** [CMakeFiles/Makefile2:137: CMakeFiles/test_program.dir/all] Error 2
[3.727s] gmake: *** [Makefile:146: all] Error 2
[3.729s] Invoked command in '/home/timl/ros2_ws/build/test_node' returned '2': AMENT_PREFIX_PATH=/home/timl/ros2_ws/install/turtlesim:${AMENT_PREFIX_PATH} CMAKE_PREFIX_PATH=/home/timl/ros2_ws/install/turtlesim:/opt/ros/jazzy/opt/sdformat_vendor:/opt/ros/jazzy/opt/gz_math_vendor:/opt/ros/jazzy/opt/gz_utils_vendor:/opt/ros/jazzy/opt/gz_tools_vendor:/opt/ros/jazzy/opt/gz_cmake_vendor:/opt/ros/jazzy LD_LIBRARY_PATH=/home/timl/ros2_ws/install/turtlesim/lib:${LD_LIBRARY_PATH} PYTHONPATH=/home/timl/ros2_ws/install/turtlesim/lib/python3.12/site-packages:${PYTHONPATH} /usr/bin/cmake --build /home/timl/ros2_ws/build/test_node -- -j6 -l6
