[01m[K/home/timl/ros2_ws/src/test_node/src/test.cpp:76:2:[m[K [01;31m[Kerror: [m[Kexpected â€˜[01m[K;[m[Kâ€™ after class definition
   76 | }
      |  [01;31m[K^[m[K
      |  [32m[K;[m[K
[01m[K/home/timl/ros2_ws/src/test_node/src/test.cpp:[m[K In constructor â€˜[01m[KControllerNode::[01;32m[KControllerNode[m[K()[m[Kâ€™:
[01m[K/home/timl/ros2_ws/src/test_node/src/test.cpp:27:40:[m[K [01;31m[Kerror: [m[Kâ€˜[01m[KSensorCallback[m[Kâ€™ is not a member of â€˜[01m[KControllerNode[m[Kâ€™
   27 |             std::bind(&ControllerNode::[01;31m[KSensorCallback[m[K, this, _1));
      |                                        [01;31m[K^~~~~~~~~~~~~~[m[K
[01m[K/home/timl/ros2_ws/src/test_node/src/test.cpp:[m[K In member function â€˜[01m[Kvoid ControllerNode::[01;32m[KControlFunction[m[K()[m[Kâ€™:
[01m[K/home/timl/ros2_ws/src/test_node/src/test.cpp:60:9:[m[K [01;31m[Kerror: [m[Kâ€˜[01m[KControllerPublisher[m[Kâ€™ was not declared in this scope; did you mean â€˜[01m[KControlPublisher[m[Kâ€™?
   60 |         [01;31m[KControllerPublisher[m[K->publish(controlVel);
      |         [01;31m[K^~~~~~~~~~~~~~~~~~~[m[K
      |         [32m[KControlPublisher[m[K
gmake[2]: *** [CMakeFiles/test_program.dir/build.make:76: CMakeFiles/test_program.dir/src/test.cpp.o] Error 1
gmake[1]: *** [CMakeFiles/Makefile2:137: CMakeFiles/test_program.dir/all] Error 2
gmake: *** [Makefile:146: all] Error 2
