[0.220s] Invoking command in '/home/timl/ros2_ws/build/test_node': AMENT_PREFIX_PATH=/home/timl/ros2_ws/install/turtlesim:${AMENT_PREFIX_PATH} CMAKE_PREFIX_PATH=/home/timl/ros2_ws/install/turtlesim:/opt/ros/jazzy/opt/sdformat_vendor:/opt/ros/jazzy/opt/gz_math_vendor:/opt/ros/jazzy/opt/gz_utils_vendor:/opt/ros/jazzy/opt/gz_tools_vendor:/opt/ros/jazzy/opt/gz_cmake_vendor:/opt/ros/jazzy LD_LIBRARY_PATH=/home/timl/ros2_ws/install/turtlesim/lib:${LD_LIBRARY_PATH} PYTHONPATH=/home/timl/ros2_ws/install/turtlesim/lib/python3.12/site-packages:${PYTHONPATH} /usr/bin/cmake /home/timl/ros2_ws/src/test_node -DCMAKE_INSTALL_PREFIX=/home/timl/ros2_ws/install/test_node
[0.665s] -- The C compiler identification is GNU 13.3.0
[1.637s] -- The CXX compiler identification is GNU 13.3.0
[2.409s] -- Detecting C compiler ABI info
[2.757s] -- Detecting C compiler ABI info - done
[2.767s] -- Check for working C compiler: /usr/bin/cc - skipped
[2.768s] -- Detecting C compile features
[2.769s] -- Detecting C compile features - done
[2.907s] -- Detecting CXX compiler ABI info
[3.259s] -- Detecting CXX compiler ABI info - done
[3.269s] -- Check for working CXX compiler: /usr/bin/c++ - skipped
[3.269s] -- Detecting CXX compile features
[3.270s] -- Detecting CXX compile features - done
[3.274s] -- Found ament_cmake: 2.5.3 (/opt/ros/jazzy/share/ament_cmake/cmake)
[3.417s] -- Found Python3: /usr/bin/python3 (found version "3.12.3") found components: Interpreter 
[3.527s] -- Found rclcpp: 28.1.6 (/opt/ros/jazzy/share/rclcpp/cmake)
[4.383s] -- Found rosidl_generator_c: 4.6.5 (/opt/ros/jazzy/share/rosidl_generator_c/cmake)
[4.408s] -- Found rosidl_generator_cpp: 4.6.5 (/opt/ros/jazzy/share/rosidl_generator_cpp/cmake)
[4.441s] -- Using all available rosidl_typesupport_c: rosidl_typesupport_fastrtps_c;rosidl_typesupport_introspection_c
[4.479s] -- Using all available rosidl_typesupport_cpp: rosidl_typesupport_fastrtps_cpp;rosidl_typesupport_introspection_cpp
[4.623s] -- Found rmw_implementation_cmake: 7.3.1 (/opt/ros/jazzy/share/rmw_implementation_cmake/cmake)
[4.629s] -- Found rmw_fastrtps_cpp: 8.4.1 (/opt/ros/jazzy/share/rmw_fastrtps_cpp/cmake)
[4.740s] -- Found OpenSSL: /usr/lib/x86_64-linux-gnu/libcrypto.so (found version "3.0.13")  
[4.972s] -- Found FastRTPS: /opt/ros/jazzy/include (Required is at least version "2.13") 
[5.101s] -- Using RMW implementation 'rmw_fastrtps_cpp' as default
[5.402s] -- Found geometry_msgs: 5.3.5 (/opt/ros/jazzy/share/geometry_msgs/cmake)
[5.466s] -- Found turtlesim: 1.8.3 (/home/timl/ros2_ws/install/turtlesim/share/turtlesim/cmake)
[5.651s] -- Configuring done (5.4s)
[5.667s] -- Generating done (0.0s)
[5.671s] -- Build files have been written to: /home/timl/ros2_ws/build/test_node
[5.683s] Invoked command in '/home/timl/ros2_ws/build/test_node' returned '0': AMENT_PREFIX_PATH=/home/timl/ros2_ws/install/turtlesim:${AMENT_PREFIX_PATH} CMAKE_PREFIX_PATH=/home/timl/ros2_ws/install/turtlesim:/opt/ros/jazzy/opt/sdformat_vendor:/opt/ros/jazzy/opt/gz_math_vendor:/opt/ros/jazzy/opt/gz_utils_vendor:/opt/ros/jazzy/opt/gz_tools_vendor:/opt/ros/jazzy/opt/gz_cmake_vendor:/opt/ros/jazzy LD_LIBRARY_PATH=/home/timl/ros2_ws/install/turtlesim/lib:${LD_LIBRARY_PATH} PYTHONPATH=/home/timl/ros2_ws/install/turtlesim/lib/python3.12/site-packages:${PYTHONPATH} /usr/bin/cmake /home/timl/ros2_ws/src/test_node -DCMAKE_INSTALL_PREFIX=/home/timl/ros2_ws/install/test_node
[5.684s] Invoking command in '/home/timl/ros2_ws/build/test_node': AMENT_PREFIX_PATH=/home/timl/ros2_ws/install/turtlesim:${AMENT_PREFIX_PATH} CMAKE_PREFIX_PATH=/home/timl/ros2_ws/install/turtlesim:/opt/ros/jazzy/opt/sdformat_vendor:/opt/ros/jazzy/opt/gz_math_vendor:/opt/ros/jazzy/opt/gz_utils_vendor:/opt/ros/jazzy/opt/gz_tools_vendor:/opt/ros/jazzy/opt/gz_cmake_vendor:/opt/ros/jazzy LD_LIBRARY_PATH=/home/timl/ros2_ws/install/turtlesim/lib:${LD_LIBRARY_PATH} PYTHONPATH=/home/timl/ros2_ws/install/turtlesim/lib/python3.12/site-packages:${PYTHONPATH} /usr/bin/cmake --build /home/timl/ros2_ws/build/test_node -- -j6 -l6
[5.730s] [ 50%] [32mBuilding CXX object CMakeFiles/test_program.dir/src/test.cpp.o[0m
[8.382s] [01m[K/home/timl/ros2_ws/src/test_node/src/test.cpp:12:26:[m[K [01;31m[Kerror: [m[Kâ€˜[01m[K_l[m[Kâ€™ has not been declared in â€˜[01m[Kstd::placeholders[m[Kâ€™
[8.382s]    12 | using std::placeholders::[01;31m[K_l[m[K;
[8.382s]       |                          [01;31m[K^~[m[K
[8.388s] [01m[K/home/timl/ros2_ws/src/test_node/src/test.cpp:76:23:[m[K [01;31m[Kerror: [m[Kâ€˜[01m[Kgeomtry_msgs[m[Kâ€™ was not declared in this scope; did you mean â€˜[01m[Kgeometry_msgs[m[Kâ€™?
[8.389s]    76 | rclcpp::Publisher<[01;31m[Kgeomtry_msgs[m[K::msg::Twist>::SharedPtr ControlPublisher;
[8.389s]       |                   [01;31m[K^~~~~~~~~~~~[m[K
[8.389s]       |                   [32m[Kgeometry_msgs[m[K
[8.389s] [01m[K/home/timl/ros2_ws/src/test_node/src/test.cpp:76:47:[m[K [01;31m[Kerror: [m[Ktemplate argument 1 is invalid
[8.389s]    76 | y_msgs::msg::Twist[01;31m[K>[m[K::SharedPtr ControlPublisher;
[8.389s]       |                   [01;31m[K^[m[K
[8.389s] 
[8.389s] [01m[K/home/timl/ros2_ws/src/test_node/src/test.cpp:76:50:[m[K [01;31m[Kerror: [m[Kexpected â€˜[01m[K;[m[Kâ€™ at end of member declaration
[8.389s]    76 | sgs::msg::Twist>::[01;31m[KSharedPtr[m[K ControlPublisher;
[8.389s]       |                   [01;31m[K^~~~~~~~~[m[K
[8.389s]       |                            [32m[K;[m[K
[8.392s] [01m[K/home/timl/ros2_ws/src/test_node/src/test.cpp:76:60:[m[K [01;31m[Kerror: [m[Kâ€˜[01m[KControlPublisher[m[Kâ€™ does not name a type
[8.392s]    76 | Twist>::SharedPtr [01;31m[KControlPublisher[m[K;
[8.392s]       |                   [01;31m[K^~~~~~~~~~~~~~~~[m[K
[8.392s] 
[8.425s] [01m[K/home/timl/ros2_ws/src/test_node/src/test.cpp:78:2:[m[K [01;31m[Kerror: [m[Kexpected â€˜[01m[K;[m[Kâ€™ after class definition
[8.425s]    78 | }
[8.425s]       |  [01;31m[K^[m[K
[8.425s]       |  [32m[K;[m[K
[8.435s] [01m[K/home/timl/ros2_ws/src/test_node/src/test.cpp:[m[K In constructor â€˜[01m[KControllerNode::[01;32m[KControllerNode[m[K()[m[Kâ€™:
[8.435s] [01m[K/home/timl/ros2_ws/src/test_node/src/test.cpp:21:9:[m[K [01;31m[Kerror: [m[Kâ€˜[01m[KControlPublisher[m[Kâ€™ was not declared in this scope
[8.435s]    21 |         [01;31m[KControlPublisher[m[K = this->create_publisher<geometry_msgs::msg::Twist>
[8.435s]       |         [01;31m[K^~~~~~~~~~~~~~~~[m[K
[8.438s] [01m[K/home/timl/ros2_ws/src/test_node/src/test.cpp:28:60:[m[K [01;31m[Kerror: [m[Kâ€˜[01m[KSensorCallback[m[Kâ€™ is not a member of â€˜[01m[KControllerNode[m[Kâ€™
[8.438s]    28 | (&ControllerNode::[01;31m[KSensorCallback[m[K, this, _l)
[8.438s]       |                   [01;31m[K^~~~~~~~~~~~~~[m[K
[8.438s] 
[8.444s] [01m[K/home/timl/ros2_ws/src/test_node/src/test.cpp:28:82:[m[K [01;31m[Kerror: [m[Kâ€˜[01m[K_l[m[Kâ€™ was not declared in this scope
[8.444s]    28 | de::SensorCallback, this, [01;31m[K_l[m[K)
[8.444s]       |                           [01;31m[K^~[m[K
[8.444s] 
[8.450s] [01m[K/home/timl/ros2_ws/src/test_node/src/test.cpp:31:9:[m[K [01;31m[Kerror: [m[Kâ€˜[01m[KtimerObject[m[Kâ€™ was not declared in this scope; did you mean â€˜[01m[Ktimerobject[m[Kâ€™?
[8.450s]    31 |         [01;31m[KtimerObject[m[K = this->create_wall_timer(
[8.450s]       |         [01;31m[K^~~~~~~~~~~[m[K
[8.450s]       |         [32m[Ktimerobject[m[K
[8.469s] [01m[K/home/timl/ros2_ws/src/test_node/src/test.cpp:[m[K In member function â€˜[01m[Kvoid ControllerNode::[01;32m[KControlFunction[m[K()[m[Kâ€™:
[8.469s] [01m[K/home/timl/ros2_ws/src/test_node/src/test.cpp:61:13:[m[K [01;31m[Kerror: [m[Kâ€˜[01m[KControllerPubslisher[m[Kâ€™ was not declared in this scope
[8.469s]    61 |             [01;31m[KControllerPubslisher[m[K->publish(controlVel);
[8.469s]       |             [01;31m[K^~~~~~~~~~~~~~~~~~~~[m[K
[9.446s] gmake[2]: *** [CMakeFiles/test_program.dir/build.make:76: CMakeFiles/test_program.dir/src/test.cpp.o] Error 1
[9.446s] gmake[1]: *** [CMakeFiles/Makefile2:137: CMakeFiles/test_program.dir/all] Error 2
[9.446s] gmake: *** [Makefile:146: all] Error 2
[9.448s] Invoked command in '/home/timl/ros2_ws/build/test_node' returned '2': AMENT_PREFIX_PATH=/home/timl/ros2_ws/install/turtlesim:${AMENT_PREFIX_PATH} CMAKE_PREFIX_PATH=/home/timl/ros2_ws/install/turtlesim:/opt/ros/jazzy/opt/sdformat_vendor:/opt/ros/jazzy/opt/gz_math_vendor:/opt/ros/jazzy/opt/gz_utils_vendor:/opt/ros/jazzy/opt/gz_tools_vendor:/opt/ros/jazzy/opt/gz_cmake_vendor:/opt/ros/jazzy LD_LIBRARY_PATH=/home/timl/ros2_ws/install/turtlesim/lib:${LD_LIBRARY_PATH} PYTHONPATH=/home/timl/ros2_ws/install/turtlesim/lib/python3.12/site-packages:${PYTHONPATH} /usr/bin/cmake --build /home/timl/ros2_ws/build/test_node -- -j6 -l6
