[0.194s] Invoking command in '/home/timl/ros2_ws/build/test_node': AMENT_PREFIX_PATH=/home/timl/ros2_ws/install/turtlesim:${AMENT_PREFIX_PATH} CMAKE_PREFIX_PATH=/home/timl/ros2_ws/install/turtlesim:/opt/ros/jazzy/opt/sdformat_vendor:/opt/ros/jazzy/opt/gz_math_vendor:/opt/ros/jazzy/opt/gz_utils_vendor:/opt/ros/jazzy/opt/gz_tools_vendor:/opt/ros/jazzy/opt/gz_cmake_vendor:/opt/ros/jazzy LD_LIBRARY_PATH=/home/timl/ros2_ws/install/turtlesim/lib:${LD_LIBRARY_PATH} PYTHONPATH=/home/timl/ros2_ws/install/turtlesim/lib/python3.12/site-packages:${PYTHONPATH} /usr/bin/cmake --build /home/timl/ros2_ws/build/test_node -- -j6 -l6
[0.255s] [ 50%] [32mBuilding CXX object CMakeFiles/test_program.dir/src/test.cpp.o[0m
[2.518s] [01m[K/home/timl/ros2_ws/src/test_node/src/test.cpp:5:26:[m[K [01;31m[Kerror: [m[Kâ€˜[01m[K_l[m[Kâ€™ has not been declared in â€˜[01m[Kstd::placeholders[m[Kâ€™
[2.518s]     5 | using std::placeholders::[01;31m[K_l[m[K;
[2.518s]       |                          [01;31m[K^~[m[K
[2.553s] [01m[K/home/timl/ros2_ws/src/test_node/src/test.cpp:63:2:[m[K [01;31m[Kerror: [m[Kexpected â€˜[01m[K;[m[Kâ€™ after class definition
[2.553s]    63 | }
[2.553s]       |  [01;31m[K^[m[K
[2.553s]       |  [32m[K;[m[K
[2.555s] [01m[K/home/timl/ros2_ws/src/test_node/src/test.cpp:[m[K In constructor â€˜[01m[KControllerNode::[01;32m[KControllerNode[m[K()[m[Kâ€™:
[2.555s] [01m[K/home/timl/ros2_ws/src/test_node/src/test.cpp:14:44:[m[K [01;31m[Kerror: [m[Kâ€˜[01m[KSensorCallback[m[Kâ€™ is not a member of â€˜[01m[KControllerNode[m[Kâ€™
[2.555s]    14 |           std::bind(&ControllerNode::[01;31m[KSensorCallback[m[K, this, _l));
[2.555s]       |                                      [01;31m[K^~~~~~~~~~~~~~[m[K
[2.555s] 
[2.560s] [01m[K/home/timl/ros2_ws/src/test_node/src/test.cpp:14:66:[m[K [01;31m[Kerror: [m[Kâ€˜[01m[K_l[m[Kâ€™ was not declared in this scope
[2.560s]    14 | ind(&ControllerNode::SensorCallback, this, [01;31m[K_l[m[K));
[2.560s]       |                                            [01;31m[K^~[m[K
[2.560s] 
[3.642s] gmake[2]: *** [CMakeFiles/test_program.dir/build.make:76: CMakeFiles/test_program.dir/src/test.cpp.o] Error 1
[3.643s] gmake[1]: *** [CMakeFiles/Makefile2:137: CMakeFiles/test_program.dir/all] Error 2
[3.643s] gmake: *** [Makefile:146: all] Error 2
[3.645s] Invoked command in '/home/timl/ros2_ws/build/test_node' returned '2': AMENT_PREFIX_PATH=/home/timl/ros2_ws/install/turtlesim:${AMENT_PREFIX_PATH} CMAKE_PREFIX_PATH=/home/timl/ros2_ws/install/turtlesim:/opt/ros/jazzy/opt/sdformat_vendor:/opt/ros/jazzy/opt/gz_math_vendor:/opt/ros/jazzy/opt/gz_utils_vendor:/opt/ros/jazzy/opt/gz_tools_vendor:/opt/ros/jazzy/opt/gz_cmake_vendor:/opt/ros/jazzy LD_LIBRARY_PATH=/home/timl/ros2_ws/install/turtlesim/lib:${LD_LIBRARY_PATH} PYTHONPATH=/home/timl/ros2_ws/install/turtlesim/lib/python3.12/site-packages:${PYTHONPATH} /usr/bin/cmake --build /home/timl/ros2_ws/build/test_node -- -j6 -l6
