[01m[K/home/timl/ros2_ws/src/test_node/src/test.cpp:5:26:[m[K [01;31m[Kerror: [m[Kâ€˜[01m[K_l[m[Kâ€™ has not been declared in â€˜[01m[Kstd::placeholders[m[Kâ€™
    5 | using std::placeholders::[01;31m[K_l[m[K;
      |                          [01;31m[K^~[m[K
[01m[K/home/timl/ros2_ws/src/test_node/src/test.cpp:64:2:[m[K [01;31m[Kerror: [m[Kexpected â€˜[01m[K;[m[Kâ€™ after class definition
   64 | }
      |  [01;31m[K^[m[K
      |  [32m[K;[m[K
[01m[K/home/timl/ros2_ws/src/test_node/src/test.cpp:[m[K In constructor â€˜[01m[KControllerNode::[01;32m[KControllerNode[m[K()[m[Kâ€™:
[01m[K/home/timl/ros2_ws/src/test_node/src/test.cpp:14:44:[m[K [01;31m[Kerror: [m[Kâ€˜[01m[KSensorCallback[m[Kâ€™ is not a member of â€˜[01m[KControllerNode[m[Kâ€™
   14 |           std::bind(&ControllerNode::[01;31m[KSensorCallback[m[K,this,_l)
      |                                      [01;31m[K^~~~~~~~~~~~~~[m[K

[01m[K/home/timl/ros2_ws/src/test_node/src/test.cpp:14:64:[m[K [01;31m[Kerror: [m[Kâ€˜[01m[K_l[m[Kâ€™ was not declared in this scope
   14 | d::bind(&ControllerNode::SensorCallback,this,[01;31m[K_l[m[K)
      |                                              [01;31m[K^~[m[K

gmake[2]: *** [CMakeFiles/test_program.dir/build.make:76: CMakeFiles/test_program.dir/src/test.cpp.o] Error 1
gmake[1]: *** [CMakeFiles/Makefile2:137: CMakeFiles/test_program.dir/all] Error 2
gmake: *** [Makefile:146: all] Error 2
