[01m[K/home/timl/ros2_ws/src/my_cpp_pkg/src/robot_news_station.cpp:22:17:[m[K [01;31m[Kerror: [m[Kexpected â€˜[01m[K;[m[Kâ€™ at end of member declaration
   22 |     std::string [01;31m[Krobot_name[m[K
      |                 [01;31m[K^~~~~~~~~~[m[K
      |                           [32m[K;[m[K
[01m[K/home/timl/ros2_ws/src/my_cpp_pkg/src/robot_news_station.cpp:[m[K In constructor â€˜[01m[KRobotNewsStationNode::[01;32m[KRobotNewsStationNode[m[K()[m[Kâ€™:
[01m[K/home/timl/ros2_ws/src/my_cpp_pkg/src/robot_news_station.cpp:12:52:[m[K [01;31m[Kerror: [m[Kâ€˜[01m[Kbing[m[Kâ€™ is not a member of â€˜[01m[Kstd[m[Kâ€™; did you mean â€˜[01m[Kbind[m[Kâ€™?
   12 |         timer = this->create_wall_timer(0.5s, std::[01;31m[Kbing[m[K(&RobotNewsStationNode::publishNews, this));
      |                                                    [01;31m[K^~~~[m[K
      |                                                    [32m[Kbind[m[K
[01m[K/home/timl/ros2_ws/src/my_cpp_pkg/src/robot_news_station.cpp:14:5:[m[K [01;31m[Kerror: [m[Kexpected â€˜[01m[K;[m[Kâ€™ before â€˜[01m[K}[m[Kâ€™ token
   14 |     [01;31m[K}[m[K
      |     [01;31m[K^[m[K
[01m[K/home/timl/ros2_ws/src/my_cpp_pkg/src/robot_news_station.cpp:[m[K In member function â€˜[01m[Kvoid RobotNewsStationNode::[01;32m[KpublishNews[m[K()[m[Kâ€™:
[01m[K/home/timl/ros2_ws/src/my_cpp_pkg/src/robot_news_station.cpp:20:9:[m[K [01;31m[Kerror: [m[Kexpected â€˜[01m[K;[m[Kâ€™ before â€˜[01m[Kpublisher[m[Kâ€™
   20 |         [01;31m[Kpublisher[m[K->publish(msg)
      |         [01;31m[K^~~~~~~~~[m[K
gmake[2]: *** [CMakeFiles/robot_news_station.dir/build.make:76: CMakeFiles/robot_news_station.dir/src/robot_news_station.cpp.o] Error 1
gmake[1]: *** [CMakeFiles/Makefile2:165: CMakeFiles/robot_news_station.dir/all] Error 2
gmake: *** [Makefile:146: all] Error 2
