[ 50%] [32mBuilding CXX object CMakeFiles/test_program.dir/src/test.cpp.o[0m
[01m[K/home/timl/ros2_ws/src/test_node/src/test.cpp:12:26:[m[K [01;31m[Kerror: [m[Kâ€˜[01m[K_l[m[Kâ€™ has not been declared in â€˜[01m[Kstd::placeholders[m[Kâ€™
   12 | using std::placeholders::[01;31m[K_l[m[K;
      |                          [01;31m[K^~[m[K
[01m[K/home/timl/ros2_ws/src/test_node/src/test.cpp:74:23:[m[K [01;31m[Kerror: [m[Kâ€˜[01m[Kgeomtry_msgs[m[Kâ€™ was not declared in this scope; did you mean â€˜[01m[Kgeometry_msgs[m[Kâ€™?
   74 |     rclcpp::Publisher<[01;31m[Kgeomtry_msgs[m[K::msg::Twist>::SharedPtr ControlPublisher;
      |                       [01;31m[K^~~~~~~~~~~~[m[K
      |                       [32m[Kgeometry_msgs[m[K
[01m[K/home/timl/ros2_ws/src/test_node/src/test.cpp:74:47:[m[K [01;31m[Kerror: [m[Ktemplate argument 1 is invalid
   74 |     rclcpp::Publisher<geomtry_msgs::msg::Twist[01;31m[K>[m[K::SharedPtr ControlPublisher;
      |                                               [01;31m[K^[m[K
[01m[K/home/timl/ros2_ws/src/test_node/src/test.cpp:74:50:[m[K [01;31m[Kerror: [m[Kexpected â€˜[01m[K;[m[Kâ€™ at end of member declaration
   74 |     rclcpp::Publisher<geomtry_msgs::msg::Twist>::[01;31m[KSharedPtr[m[K ControlPublisher;
      |                                                  [01;31m[K^~~~~~~~~[m[K
      |                                                           [32m[K;[m[K
[01m[K/home/timl/ros2_ws/src/test_node/src/test.cpp:74:60:[m[K [01;31m[Kerror: [m[Kâ€˜[01m[KControlPublisher[m[Kâ€™ does not name a type
   74 |     rclcpp::Publisher<geomtry_msgs::msg::Twist>::SharedPtr [01;31m[KControlPublisher[m[K;
      |                                                            [01;31m[K^~~~~~~~~~~~~~~~[m[K
[01m[K/home/timl/ros2_ws/src/test_node/src/test.cpp:76:2:[m[K [01;31m[Kerror: [m[Kexpected â€˜[01m[K;[m[Kâ€™ after class definition
   76 | }
      |  [01;31m[K^[m[K
      |  [32m[K;[m[K
[01m[K/home/timl/ros2_ws/src/test_node/src/test.cpp:[m[K In constructor â€˜[01m[KControllerNode::[01;32m[KControllerNode[m[K()[m[Kâ€™:
[01m[K/home/timl/ros2_ws/src/test_node/src/test.cpp:22:9:[m[K [01;31m[Kerror: [m[Kâ€˜[01m[KControlPublisher[m[Kâ€™ was not declared in this scope
   22 |         [01;31m[KControlPublisher[m[K = this->create_publisher<geometry_msgs::msg::Twist>("/turtle1/cmd_vel", 5);
      |         [01;31m[K^~~~~~~~~~~~~~~~[m[K
[01m[K/home/timl/ros2_ws/src/test_node/src/test.cpp:27:40:[m[K [01;31m[Kerror: [m[Kâ€˜[01m[KSensorCallback[m[Kâ€™ is not a member of â€˜[01m[KControllerNode[m[Kâ€™
   27 |             std::bind(&ControllerNode::[01;31m[KSensorCallback[m[K, this, _l));
      |                                        [01;31m[K^~~~~~~~~~~~~~[m[K
[01m[K/home/timl/ros2_ws/src/test_node/src/test.cpp:27:62:[m[K [01;31m[Kerror: [m[Kâ€˜[01m[K_l[m[Kâ€™ was not declared in this scope
   27 |             std::bind(&ControllerNode::SensorCallback, this, [01;31m[K_l[m[K));
      |                                                              [01;31m[K^~[m[K
gmake[2]: *** [CMakeFiles/test_program.dir/build.make:76: CMakeFiles/test_program.dir/src/test.cpp.o] Error 1
gmake[1]: *** [CMakeFiles/Makefile2:137: CMakeFiles/test_program.dir/all] Error 2
gmake: *** [Makefile:146: all] Error 2
