[01m[K/home/timl/ros2_ws/src/my_cpp_pkg/src/robot_news_station.cpp:[m[K In constructor â€˜[01m[KRobotNewsStationNode::[01;32m[KRobotNewsStationNode[m[K()[m[Kâ€™:
[01m[K/home/timl/ros2_ws/src/my_cpp_pkg/src/robot_news_station.cpp:12:52:[m[K [01;31m[Kerror: [m[Kâ€˜[01m[Kbing[m[Kâ€™ is not a member of â€˜[01m[Kstd[m[Kâ€™; did you mean â€˜[01m[Kbind[m[Kâ€™?
   12 |         timer = this->create_wall_timer(0.5s, std::[01;31m[Kbing[m[K(&RobotNewsStationNode::publishNews, this));
      |                                                    [01;31m[K^~~~[m[K
      |                                                    [32m[Kbind[m[K
gmake[2]: *** [CMakeFiles/robot_news_station.dir/build.make:76: CMakeFiles/robot_news_station.dir/src/robot_news_station.cpp.o] Error 1
gmake[1]: *** [CMakeFiles/Makefile2:165: CMakeFiles/robot_news_station.dir/all] Error 2
gmake: *** [Makefile:146: all] Error 2
