[ 20%] Built target add_two_ints_server
[ 40%] Built target smartphone
[ 60%] Built target robot_news_station
[ 80%] Built target cpp_node
[ 90%] [32mBuilding CXX object CMakeFiles/add_two_ints_client.dir/src/add_two_ints_client.cpp.o[0m
[01m[K/home/timl/ros2_ws/src/my_cpp_pkg/src/add_two_ints_client.cpp:[m[K In constructor â€˜[01m[KAddTwoIntsClientNode::[01;32m[KAddTwoIntsClientNode[m[K()[m[Kâ€™:
[01m[K/home/timl/ros2_ws/src/my_cpp_pkg/src/add_two_ints_client.cpp:10:5:[m[K [01;31m[Kerror: [m[Kexpected â€˜[01m[K;[m[Kâ€™ before â€˜[01m[K}[m[Kâ€™ token
   10 |     [01;31m[K}[m[K;
      |     [01;31m[K^[m[K
[01m[K/home/timl/ros2_ws/src/my_cpp_pkg/src/add_two_ints_client.cpp:[m[K In member function â€˜[01m[Kvoid AddTwoIntsClientNode::[01;32m[KcallAddTwoInts[m[K(int, int)[m[Kâ€™:
[01m[K/home/timl/ros2_ws/src/my_cpp_pkg/src/add_two_ints_client.cpp:14:64:[m[K [01;31m[Kerror: [m[Kâ€˜[01m[Kl[m[Kâ€™ is not a member of â€˜[01m[Kstd::literals::chrono_literals[m[Kâ€™
   14 |         while (!client->wait_for_service(std::chrono_literals::[01;31m[Kl[m[K))
      |                                                                [01;31m[K^[m[K
In file included from [01m[K/opt/ros/jazzy/include/rclcpp/rclcpp/logging.hpp:24[m[K,
                 from [01m[K/opt/ros/jazzy/include/rclcpp/rclcpp/copy_all_parameter_values.hpp:27[m[K,
                 from [01m[K/opt/ros/jazzy/include/rclcpp/rclcpp/rclcpp.hpp:171[m[K,
                 from [01m[K/home/timl/ros2_ws/src/my_cpp_pkg/src/add_two_ints_client.cpp:1[m[K:
[01m[K/home/timl/ros2_ws/src/my_cpp_pkg/src/add_two_ints_client.cpp:[m[K In member function â€˜[01m[Kvoid AddTwoIntsClientNode::[01;32m[KcallbackCallAddTwoInts[m[K(rclcpp::Client<example_interfaces::srv::AddTwoInts>::SharedFuture)[m[Kâ€™:
[01m[K/home/timl/ros2_ws/src/my_cpp_pkg/src/add_two_ints_client.cpp:29:41:[m[K [01;35m[Kwarning: [m[Kformat â€˜[01m[K%d[m[Kâ€™ expects argument of type â€˜[01m[Kint[m[Kâ€™, but argument 5 has type â€˜[01m[Kexample_interfaces::srv::AddTwoInts_Response_<std::allocator<void> >::_sum_type[m[Kâ€™ {aka â€˜[01m[Klong int[m[Kâ€™} [[01;35m[K]8;;https://gcc.gnu.org/onlinedocs/gcc/Warning-Options.html#index-Wformat=-Wformat=]8;;[m[K]
   29 |         RCLCPP_INFO(this->get_logger(), [01;35m[K"Sum: %d"[m[K, [32m[Kresponse->sum[m[K);
      |                                         [01;35m[K^~~~~~~~~[m[K  [32m[K~~~~~~~~~~~~~[m[K
      |                                                              [32m[K|[m[K
      |                                                              [32m[Kexample_interfaces::srv::AddTwoInts_Response_<std::allocator<void> >::_sum_type {aka long int}[m[K
[01m[K/home/timl/ros2_ws/src/my_cpp_pkg/src/add_two_ints_client.cpp:29:48:[m[K [01;36m[Knote: [m[Kformat string is defined here
   29 |         RCLCPP_INFO(this->get_logger(), "Sum: [01;36m[K%d[m[K", response->sum);
      |                                               [01;36m[K~^[m[K
      |                                                [01;36m[K|[m[K
      |                                                [01;36m[Kint[m[K
      |                                               [32m[K%ld[m[K
[01m[K/home/timl/ros2_ws/src/my_cpp_pkg/src/add_two_ints_client.cpp:[m[K In function â€˜[01m[Kint[01;32m[K main[m[K(int, char**)[m[Kâ€™:
[01m[K/home/timl/ros2_ws/src/my_cpp_pkg/src/add_two_ints_client.cpp:38:32:[m[K [01;31m[Kerror: [m[Kexpected â€˜[01m[K;[m[Kâ€™ before â€˜[01m[Knode[m[Kâ€™
   38 |     node->callAddTwoInts(10, 5)
      |                                [01;31m[K^[m[K
      |                                [32m[K;[m[K
   39 |     [32m[Knode[m[K->callAddTwoInts(100, 5)
      |     [32m[K~~~~[m[K                        
gmake[2]: *** [CMakeFiles/add_two_ints_client.dir/build.make:76: CMakeFiles/add_two_ints_client.dir/src/add_two_ints_client.cpp.o] Error 1
gmake[1]: *** [CMakeFiles/Makefile2:249: CMakeFiles/add_two_ints_client.dir/all] Error 2
gmake: *** [Makefile:146: all] Error 2
